[-1780451361036366592.000s] DEBUG:colcon:Command line arguments: ['/usr/bin/colcon', 'build']
[-1780451361036366592.000s] DEBUG:colcon:Parsed command line arguments: Namespace(log_base=None, log_level=None, verb_name='build', build_base='build', install_base='install', merge_install=False, symlink_install=False, test_result_base=None, continue_on_error=False, executor='parallel', parallel_workers=8, event_handlers=None, ignore_user_meta=False, metas=['./colcon.meta'], base_paths=['.'], packages_ignore=None, packages_ignore_regex=None, paths=None, packages_up_to=None, packages_up_to_regex=None, packages_above=None, packages_above_and_dependencies=None, packages_above_depth=None, packages_select_by_dep=None, packages_skip_by_dep=None, packages_skip_up_to=None, packages_select_build_failed=False, packages_skip_build_finished=False, packages_select_test_failures=False, packages_skip_test_passed=False, packages_select=None, packages_skip=None, packages_select_regex=None, packages_skip_regex=None, packages_start=None, packages_end=None, cmake_args=None, cmake_target=None, cmake_target_skip_unavailable=False, cmake_clean_cache=False, cmake_clean_first=False, cmake_force_configure=False, ament_cmake_args=None, catkin_cmake_args=None, catkin_skip_building_tests=False, verb_parser=<colcon_defaults.argument_parser.defaults.DefaultArgumentsDecorator object at 0x75382edd1950>, verb_extension=<colcon_core.verb.build.BuildVerb object at 0x75382edf1010>, main=<bound method BuildVerb.main of <colcon_core.verb.build.BuildVerb object at 0x75382edf1010>>)
[-1780451361036366592.000s] Level 1:colcon.colcon_core.package_discovery:discover_packages(colcon_meta) check parameters
[-1780451361036366592.000s] Level 1:colcon.colcon_core.package_discovery:discover_packages(recursive) check parameters
[-1780451361036366592.000s] Level 1:colcon.colcon_core.package_discovery:discover_packages(ignore) check parameters
[-1780451361036366592.000s] Level 1:colcon.colcon_core.package_discovery:discover_packages(path) check parameters
[-1780451361036366592.000s] Level 1:colcon.colcon_core.package_discovery:discover_packages(colcon_meta) discover
[-1780451361036366592.000s] Level 1:colcon.colcon_core.package_discovery:discover_packages(recursive) discover
[-1780451361036366592.000s] INFO:colcon.colcon_core.package_discovery:Crawling recursively for packages in '/home/ddl-cyber/桌面/ros2_homework_basic_ws'
[-1780451361036366592.000s] Level 1:colcon.colcon_core.package_identification:_identify(.) by extensions ['ignore', 'ignore_ament_install']
[-1780451361036366592.000s] Level 1:colcon.colcon_core.package_identification:_identify(.) by extension 'ignore'
[-1780451361036366592.000s] Level 1:colcon.colcon_core.package_identification:_identify(.) by extension 'ignore_ament_install'
[-1780451361036366592.000s] Level 1:colcon.colcon_core.package_identification:_identify(.) by extensions ['colcon_pkg']
[-1780451361036366592.000s] Level 1:colcon.colcon_core.package_identification:_identify(.) by extension 'colcon_pkg'
[-1780451361036366592.000s] Level 1:colcon.colcon_core.package_identification:_identify(.) by extensions ['colcon_meta']
[-1780451361036366592.000s] Level 1:colcon.colcon_core.package_identification:_identify(.) by extension 'colcon_meta'
[-1780451361036366592.000s] Level 1:colcon.colcon_core.package_identification:_identify(.) by extensions ['ros']
[-1780451361036366592.000s] Level 1:colcon.colcon_core.package_identification:_identify(.) by extension 'ros'
[-1780451361036366592.000s] Level 1:colcon.colcon_core.package_identification:_identify(.) by extensions ['cmake', 'python']
[-1780451361036366592.000s] Level 1:colcon.colcon_core.package_identification:_identify(.) by extension 'cmake'
[-1780451361036366592.000s] Level 1:colcon.colcon_core.package_identification:_identify(.) by extension 'python'
[-1780451361036366592.000s] Level 1:colcon.colcon_core.package_identification:_identify(.) by extensions ['python_setup_py']
[-1780451361036366592.000s] Level 1:colcon.colcon_core.package_identification:_identify(.) by extension 'python_setup_py'
[-1780451361036366592.000s] Level 1:colcon.colcon_core.package_identification:_identify(build) by extensions ['ignore', 'ignore_ament_install']
[-1780451361036366592.000s] Level 1:colcon.colcon_core.package_identification:_identify(build) by extension 'ignore'
[-1780451361036366592.000s] Level 1:colcon.colcon_core.package_identification:_identify(build) ignored
[-1780451361036366592.000s] Level 1:colcon.colcon_core.package_identification:_identify(install) by extensions ['ignore', 'ignore_ament_install']
[-1780451361036366592.000s] Level 1:colcon.colcon_core.package_identification:_identify(install) by extension 'ignore'
[-1780451361036366592.000s] Level 1:colcon.colcon_core.package_identification:_identify(install) ignored
[-1780451361036366592.000s] Level 1:colcon.colcon_core.package_identification:_identify(log) by extensions ['ignore', 'ignore_ament_install']
[-1780451361036366592.000s] Level 1:colcon.colcon_core.package_identification:_identify(log) by extension 'ignore'
[-1780451361036366592.000s] Level 1:colcon.colcon_core.package_identification:_identify(log) ignored
[-1780451361036366592.000s] Level 1:colcon.colcon_core.package_identification:_identify(src) by extensions ['ignore', 'ignore_ament_install']
[-1780451361036366592.000s] Level 1:colcon.colcon_core.package_identification:_identify(src) by extension 'ignore'
[-1780451361036366592.000s] Level 1:colcon.colcon_core.package_identification:_identify(src) by extension 'ignore_ament_install'
[-1780451361036366592.000s] Level 1:colcon.colcon_core.package_identification:_identify(src) by extensions ['colcon_pkg']
[-1780451361036366592.000s] Level 1:colcon.colcon_core.package_identification:_identify(src) by extension 'colcon_pkg'
[-1780451361036366592.000s] Level 1:colcon.colcon_core.package_identification:_identify(src) by extensions ['colcon_meta']
[-1780451361036366592.000s] Level 1:colcon.colcon_core.package_identification:_identify(src) by extension 'colcon_meta'
[-1780451361036366592.000s] Level 1:colcon.colcon_core.package_identification:_identify(src) by extensions ['ros']
[-1780451361036366592.000s] Level 1:colcon.colcon_core.package_identification:_identify(src) by extension 'ros'
[-1780451361036366592.000s] Level 1:colcon.colcon_core.package_identification:_identify(src) by extensions ['cmake', 'python']
[-1780451361036366592.000s] Level 1:colcon.colcon_core.package_identification:_identify(src) by extension 'cmake'
[-1780451361036366592.000s] Level 1:colcon.colcon_core.package_identification:_identify(src) by extension 'python'
[-1780451361036366592.000s] Level 1:colcon.colcon_core.package_identification:_identify(src) by extensions ['python_setup_py']
[-1780451361036366592.000s] Level 1:colcon.colcon_core.package_identification:_identify(src) by extension 'python_setup_py'
[-1780451361036366592.000s] Level 1:colcon.colcon_core.package_identification:_identify(src/ros2_homework_basic_package) by extensions ['ignore', 'ignore_ament_install']
[-1780451361036366592.000s] Level 1:colcon.colcon_core.package_identification:_identify(src/ros2_homework_basic_package) by extension 'ignore'
[-1780451361036366592.000s] Level 1:colcon.colcon_core.package_identification:_identify(src/ros2_homework_basic_package) by extension 'ignore_ament_install'
[-1780451361036366592.000s] Level 1:colcon.colcon_core.package_identification:_identify(src/ros2_homework_basic_package) by extensions ['colcon_pkg']
[-1780451361036366592.000s] Level 1:colcon.colcon_core.package_identification:_identify(src/ros2_homework_basic_package) by extension 'colcon_pkg'
[-1780451361036366592.000s] Level 1:colcon.colcon_core.package_identification:_identify(src/ros2_homework_basic_package) by extensions ['colcon_meta']
[-1780451361036366592.000s] Level 1:colcon.colcon_core.package_identification:_identify(src/ros2_homework_basic_package) by extension 'colcon_meta'
[-1780451361036366592.000s] Level 1:colcon.colcon_core.package_identification:_identify(src/ros2_homework_basic_package) by extensions ['ros']
[-1780451361036366592.000s] Level 1:colcon.colcon_core.package_identification:_identify(src/ros2_homework_basic_package) by extension 'ros'
[-1780451361036366592.000s] DEBUG:colcon.colcon_core.package_identification:Package 'src/ros2_homework_basic_package' with type 'ros.ament_cmake' and name 'ros2_homework_basic_package'
[-1780451361036366592.000s] Level 1:colcon.colcon_core.package_identification:_identify(tmp) by extensions ['ignore', 'ignore_ament_install']
[-1780451361036366592.000s] Level 1:colcon.colcon_core.package_identification:_identify(tmp) by extension 'ignore'
[-1780451361036366592.000s] Level 1:colcon.colcon_core.package_identification:_identify(tmp) by extension 'ignore_ament_install'
[-1780451361036366592.000s] Level 1:colcon.colcon_core.package_identification:_identify(tmp) by extensions ['colcon_pkg']
[-1780451361036366592.000s] Level 1:colcon.colcon_core.package_identification:_identify(tmp) by extension 'colcon_pkg'
[-1780451361036366592.000s] Level 1:colcon.colcon_core.package_identification:_identify(tmp) by extensions ['colcon_meta']
[-1780451361036366592.000s] Level 1:colcon.colcon_core.package_identification:_identify(tmp) by extension 'colcon_meta'
[-1780451361036366592.000s] Level 1:colcon.colcon_core.package_identification:_identify(tmp) by extensions ['ros']
[-1780451361036366592.000s] Level 1:colcon.colcon_core.package_identification:_identify(tmp) by extension 'ros'
[-1780451361036366592.000s] Level 1:colcon.colcon_core.package_identification:_identify(tmp) by extensions ['cmake', 'python']
[-1780451361036366592.000s] Level 1:colcon.colcon_core.package_identification:_identify(tmp) by extension 'cmake'
[-1780451361036366592.000s] Level 1:colcon.colcon_core.package_identification:_identify(tmp) by extension 'python'
[-1780451361036366592.000s] Level 1:colcon.colcon_core.package_identification:_identify(tmp) by extensions ['python_setup_py']
[-1780451361036366592.000s] Level 1:colcon.colcon_core.package_identification:_identify(tmp) by extension 'python_setup_py'
[-1780451361036366592.000s] Level 1:colcon.colcon_core.package_identification:_identify(tmp/aha) by extensions ['ignore', 'ignore_ament_install']
[-1780451361036366592.000s] Level 1:colcon.colcon_core.package_identification:_identify(tmp/aha) by extension 'ignore'
[-1780451361036366592.000s] Level 1:colcon.colcon_core.package_identification:_identify(tmp/aha) by extension 'ignore_ament_install'
[-1780451361036366592.000s] Level 1:colcon.colcon_core.package_identification:_identify(tmp/aha) by extensions ['colcon_pkg']
[-1780451361036366592.000s] Level 1:colcon.colcon_core.package_identification:_identify(tmp/aha) by extension 'colcon_pkg'
[-1780451361036366592.000s] Level 1:colcon.colcon_core.package_identification:_identify(tmp/aha) by extensions ['colcon_meta']
[-1780451361036366592.000s] Level 1:colcon.colcon_core.package_identification:_identify(tmp/aha) by extension 'colcon_meta'
[-1780451361036366592.000s] Level 1:colcon.colcon_core.package_identification:_identify(tmp/aha) by extensions ['ros']
[-1780451361036366592.000s] Level 1:colcon.colcon_core.package_identification:_identify(tmp/aha) by extension 'ros'
[-1780451361036366592.000s] Level 1:colcon.colcon_core.package_identification:_identify(tmp/aha) by extensions ['cmake', 'python']
[-1780451361036366592.000s] Level 1:colcon.colcon_core.package_identification:_identify(tmp/aha) by extension 'cmake'
[-1780451361036366592.000s] Level 1:colcon.colcon_core.package_identification:_identify(tmp/aha) by extension 'python'
[-1780451361036366592.000s] Level 1:colcon.colcon_core.package_identification:_identify(tmp/aha) by extensions ['python_setup_py']
[-1780451361036366592.000s] Level 1:colcon.colcon_core.package_identification:_identify(tmp/aha) by extension 'python_setup_py'
[-1780451361036366592.000s] Level 1:colcon.colcon_core.package_identification:_identify(tmp/aha/dconf) by extensions ['ignore', 'ignore_ament_install']
[-1780451361036366592.000s] Level 1:colcon.colcon_core.package_identification:_identify(tmp/aha/dconf) by extension 'ignore'
[-1780451361036366592.000s] Level 1:colcon.colcon_core.package_identification:_identify(tmp/aha/dconf) by extension 'ignore_ament_install'
[-1780451361036366592.000s] Level 1:colcon.colcon_core.package_identification:_identify(tmp/aha/dconf) by extensions ['colcon_pkg']
[-1780451361036366592.000s] Level 1:colcon.colcon_core.package_identification:_identify(tmp/aha/dconf) by extension 'colcon_pkg'
[-1780451361036366592.000s] Level 1:colcon.colcon_core.package_identification:_identify(tmp/aha/dconf) by extensions ['colcon_meta']
[-1780451361036366592.000s] Level 1:colcon.colcon_core.package_identification:_identify(tmp/aha/dconf) by extension 'colcon_meta'
[-1780451361036366592.000s] Level 1:colcon.colcon_core.package_identification:_identify(tmp/aha/dconf) by extensions ['ros']
[-1780451361036366592.000s] Level 1:colcon.colcon_core.package_identification:_identify(tmp/aha/dconf) by extension 'ros'
[-1780451361036366592.000s] Level 1:colcon.colcon_core.package_identification:_identify(tmp/aha/dconf) by extensions ['cmake', 'python']
[-1780451361036366592.000s] Level 1:colcon.colcon_core.package_identification:_identify(tmp/aha/dconf) by extension 'cmake'
[-1780451361036366592.000s] Level 1:colcon.colcon_core.package_identification:_identify(tmp/aha/dconf) by extension 'python'
[-1780451361036366592.000s] Level 1:colcon.colcon_core.package_identification:_identify(tmp/aha/dconf) by extensions ['python_setup_py']
[-1780451361036366592.000s] Level 1:colcon.colcon_core.package_identification:_identify(tmp/aha/dconf) by extension 'python_setup_py'
[-1780451361036366592.000s] Level 1:colcon.colcon_core.package_discovery:discover_packages(recursive) using defaults
[-1780451361036366592.000s] Level 1:colcon.colcon_core.package_discovery:discover_packages(ignore) discover
[-1780451361036366592.000s] Level 1:colcon.colcon_core.package_discovery:discover_packages(ignore) using defaults
[-1780451361036366592.000s] Level 1:colcon.colcon_core.package_discovery:discover_packages(path) discover
[-1780451361036366592.000s] Level 1:colcon.colcon_core.package_discovery:discover_packages(path) using defaults
[-1780451361036366592.000s] Level 5:colcon.colcon_core.verb:set package 'ros2_homework_basic_package' build argument 'cmake_args' from command line to 'None'
[-1780451361036366592.000s] Level 5:colcon.colcon_core.verb:set package 'ros2_homework_basic_package' build argument 'cmake_target' from command line to 'None'
[-1780451361036366592.000s] Level 5:colcon.colcon_core.verb:set package 'ros2_homework_basic_package' build argument 'cmake_target_skip_unavailable' from command line to 'False'
[-1780451361036366592.000s] Level 5:colcon.colcon_core.verb:set package 'ros2_homework_basic_package' build argument 'cmake_clean_cache' from command line to 'False'
[-1780451361036366592.000s] Level 5:colcon.colcon_core.verb:set package 'ros2_homework_basic_package' build argument 'cmake_clean_first' from command line to 'False'
[-1780451361036366592.000s] Level 5:colcon.colcon_core.verb:set package 'ros2_homework_basic_package' build argument 'cmake_force_configure' from command line to 'False'
[-1780451361036366592.000s] Level 5:colcon.colcon_core.verb:set package 'ros2_homework_basic_package' build argument 'ament_cmake_args' from command line to 'None'
[-1780451361036366592.000s] Level 5:colcon.colcon_core.verb:set package 'ros2_homework_basic_package' build argument 'catkin_cmake_args' from command line to 'None'
[-1780451361036366592.000s] Level 5:colcon.colcon_core.verb:set package 'ros2_homework_basic_package' build argument 'catkin_skip_building_tests' from command line to 'False'
[-1780451361036366592.000s] DEBUG:colcon.colcon_core.verb:Building package 'ros2_homework_basic_package' with the following arguments: {'ament_cmake_args': None, 'build_base': '/home/ddl-cyber/桌面/ros2_homework_basic_ws/build/ros2_homework_basic_package', 'catkin_cmake_args': None, 'catkin_skip_building_tests': False, 'cmake_args': None, 'cmake_clean_cache': False, 'cmake_clean_first': False, 'cmake_force_configure': False, 'cmake_target': None, 'cmake_target_skip_unavailable': False, 'install_base': '/home/ddl-cyber/桌面/ros2_homework_basic_ws/install/ros2_homework_basic_package', 'merge_install': False, 'path': '/home/ddl-cyber/桌面/ros2_homework_basic_ws/src/ros2_homework_basic_package', 'symlink_install': False, 'test_result_base': None}
[-1780451361036366592.000s] INFO:colcon.colcon_core.executor:Executing jobs using 'parallel' executor
[-1780451361036366592.000s] DEBUG:colcon.colcon_parallel_executor.executor.parallel:run_until_complete
[-1780451361036366592.000s] INFO:colcon.colcon_ros.task.ament_cmake.build:Building ROS package in '/home/ddl-cyber/桌面/ros2_homework_basic_ws/src/ros2_homework_basic_package' with build type 'ament_cmake'
[-1780451361036366592.000s] INFO:colcon.colcon_cmake.task.cmake.build:Building CMake package in '/home/ddl-cyber/桌面/ros2_homework_basic_ws/src/ros2_homework_basic_package'
[-1780451361036366592.000s] INFO:colcon.colcon_core.plugin_system:Skipping extension 'colcon_core.shell.bat': Not used on non-Windows systems
[-1780451361036366592.000s] DEBUG:colcon.colcon_core.shell:Skip shell extension 'dsv' for command environment
[-1780451361036366592.000s] DEBUG:colcon.colcon_core.event_handler.log_command:Invoking command in '/home/ddl-cyber/桌面/ros2_homework_basic_ws/build/ros2_homework_basic_package': CMAKE_PREFIX_PATH=${CMAKE_PREFIX_PATH}:/opt/ros/lyrical DEBUGINFOD_URLS=https://debuginfod.ubuntu.com /usr/bin/cmake /home/ddl-cyber/桌面/ros2_homework_basic_ws/src/ros2_homework_basic_package -DCMAKE_INSTALL_PREFIX=/home/ddl-cyber/桌面/ros2_homework_basic_ws/install/ros2_homework_basic_package
[-1780451361036366592.000s] DEBUG:colcon.colcon_core.event_handler.log_command:Invoked command in '/home/ddl-cyber/桌面/ros2_homework_basic_ws/build/ros2_homework_basic_package' returned '0': CMAKE_PREFIX_PATH=${CMAKE_PREFIX_PATH}:/opt/ros/lyrical DEBUGINFOD_URLS=https://debuginfod.ubuntu.com /usr/bin/cmake /home/ddl-cyber/桌面/ros2_homework_basic_ws/src/ros2_homework_basic_package -DCMAKE_INSTALL_PREFIX=/home/ddl-cyber/桌面/ros2_homework_basic_ws/install/ros2_homework_basic_package
[-1780451361036366592.000s] DEBUG:colcon.colcon_core.event_handler.log_command:Invoking command in '/home/ddl-cyber/桌面/ros2_homework_basic_ws/build/ros2_homework_basic_package': CMAKE_PREFIX_PATH=${CMAKE_PREFIX_PATH}:/opt/ros/lyrical DEBUGINFOD_URLS=https://debuginfod.ubuntu.com /usr/bin/cmake --build /home/ddl-cyber/桌面/ros2_homework_basic_ws/build/ros2_homework_basic_package -- -j8 -l8
[-1780451361036366592.000s] DEBUG:colcon.colcon_core.event_handler.log_command:Invoked command in '/home/ddl-cyber/桌面/ros2_homework_basic_ws/build/ros2_homework_basic_package' returned '0': CMAKE_PREFIX_PATH=${CMAKE_PREFIX_PATH}:/opt/ros/lyrical DEBUGINFOD_URLS=https://debuginfod.ubuntu.com /usr/bin/cmake --build /home/ddl-cyber/桌面/ros2_homework_basic_ws/build/ros2_homework_basic_package -- -j8 -l8
[-1780451361036366592.000s] DEBUG:colcon.colcon_core.event_handler.log_command:Invoking command in '/home/ddl-cyber/桌面/ros2_homework_basic_ws/build/ros2_homework_basic_package': CMAKE_PREFIX_PATH=${CMAKE_PREFIX_PATH}:/opt/ros/lyrical DEBUGINFOD_URLS=https://debuginfod.ubuntu.com /usr/bin/cmake --install /home/ddl-cyber/桌面/ros2_homework_basic_ws/build/ros2_homework_basic_package
[-1780451361036366592.000s] Level 1:colcon.colcon_core.environment:create_environment_scripts_only(ros2_homework_basic_package)
[-1780451361036366592.000s] DEBUG:colcon.colcon_core.event_handler.log_command:Invoked command in '/home/ddl-cyber/桌面/ros2_homework_basic_ws/build/ros2_homework_basic_package' returned '0': CMAKE_PREFIX_PATH=${CMAKE_PREFIX_PATH}:/opt/ros/lyrical DEBUGINFOD_URLS=https://debuginfod.ubuntu.com /usr/bin/cmake --install /home/ddl-cyber/桌面/ros2_homework_basic_ws/build/ros2_homework_basic_package
[-1780451361036366592.000s] Level 1:colcon.colcon_core.environment:checking '/home/ddl-cyber/桌面/ros2_homework_basic_ws/install/ros2_homework_basic_package' for CMake module files
[-1780451361036366592.000s] Level 1:colcon.colcon_core.environment:checking '/home/ddl-cyber/桌面/ros2_homework_basic_ws/install/ros2_homework_basic_package' for CMake config files
[-1780451361036366592.000s] Level 1:colcon.colcon_core.shell:create_environment_hook('ros2_homework_basic_package', 'cmake_prefix_path')
[-1780451361036366592.000s] INFO:colcon.colcon_core.shell:Creating environment descriptor '/home/ddl-cyber/桌面/ros2_homework_basic_ws/install/ros2_homework_basic_package/share/ros2_homework_basic_package/hook/cmake_prefix_path.dsv'
[-1780451361036366592.000s] INFO:colcon.colcon_core.shell:Creating environment hook '/home/ddl-cyber/桌面/ros2_homework_basic_ws/install/ros2_homework_basic_package/share/ros2_homework_basic_package/hook/cmake_prefix_path.sh'
[-1780451361036366592.000s] Level 1:colcon.colcon_core.environment:checking '/home/ddl-cyber/桌面/ros2_homework_basic_ws/install/ros2_homework_basic_package/lib'
[-1780451361036366592.000s] Level 1:colcon.colcon_core.environment:checking '/home/ddl-cyber/桌面/ros2_homework_basic_ws/install/ros2_homework_basic_package/bin'
[-1780451361036366592.000s] Level 1:colcon.colcon_core.environment:checking '/home/ddl-cyber/桌面/ros2_homework_basic_ws/install/ros2_homework_basic_package/lib/pkgconfig/ros2_homework_basic_package.pc'
[-1780451361036366592.000s] Level 1:colcon.colcon_core.environment:checking '/home/ddl-cyber/桌面/ros2_homework_basic_ws/install/ros2_homework_basic_package/lib/python3.14/site-packages'
[-1780451361036366592.000s] Level 1:colcon.colcon_core.environment:checking '/home/ddl-cyber/桌面/ros2_homework_basic_ws/install/ros2_homework_basic_package/bin'
[-1780451361036366592.000s] INFO:colcon.colcon_core.shell:Creating package descriptor '/home/ddl-cyber/桌面/ros2_homework_basic_ws/install/ros2_homework_basic_package/share/ros2_homework_basic_package/package.dsv'
[-1780451361036366592.000s] INFO:colcon.colcon_core.shell:Creating package script '/home/ddl-cyber/桌面/ros2_homework_basic_ws/install/ros2_homework_basic_package/share/ros2_homework_basic_package/package.sh'
[-1780451361036366592.000s] INFO:colcon.colcon_core.shell:Creating package script '/home/ddl-cyber/桌面/ros2_homework_basic_ws/install/ros2_homework_basic_package/share/ros2_homework_basic_package/package.bash'
[-1780451361036366592.000s] INFO:colcon.colcon_core.shell:Creating package script '/home/ddl-cyber/桌面/ros2_homework_basic_ws/install/ros2_homework_basic_package/share/ros2_homework_basic_package/package.zsh'
[-1780451361036366592.000s] Level 1:colcon.colcon_core.environment:create_file_with_runtime_dependencies(/home/ddl-cyber/桌面/ros2_homework_basic_ws/install/ros2_homework_basic_package/share/colcon-core/packages/ros2_homework_basic_package)
[-1780451361036366592.000s] Level 1:colcon.colcon_core.environment:create_environment_scripts_only(ros2_homework_basic_package)
[-1780451361036366592.000s] Level 1:colcon.colcon_core.environment:checking '/home/ddl-cyber/桌面/ros2_homework_basic_ws/install/ros2_homework_basic_package' for CMake module files
[-1780451361036366592.000s] Level 1:colcon.colcon_core.environment:checking '/home/ddl-cyber/桌面/ros2_homework_basic_ws/install/ros2_homework_basic_package' for CMake config files
[-1780451361036366592.000s] Level 1:colcon.colcon_core.shell:create_environment_hook('ros2_homework_basic_package', 'cmake_prefix_path')
[-1780451361036366592.000s] INFO:colcon.colcon_core.shell:Creating environment descriptor '/home/ddl-cyber/桌面/ros2_homework_basic_ws/install/ros2_homework_basic_package/share/ros2_homework_basic_package/hook/cmake_prefix_path.dsv'
[-1780451361036366592.000s] INFO:colcon.colcon_core.shell:Creating environment hook '/home/ddl-cyber/桌面/ros2_homework_basic_ws/install/ros2_homework_basic_package/share/ros2_homework_basic_package/hook/cmake_prefix_path.sh'
[-1780451361036366592.000s] Level 1:colcon.colcon_core.environment:checking '/home/ddl-cyber/桌面/ros2_homework_basic_ws/install/ros2_homework_basic_package/lib'
[-1780451361036366592.000s] Level 1:colcon.colcon_core.environment:checking '/home/ddl-cyber/桌面/ros2_homework_basic_ws/install/ros2_homework_basic_package/bin'
[-1780451361036366592.000s] Level 1:colcon.colcon_core.environment:checking '/home/ddl-cyber/桌面/ros2_homework_basic_ws/install/ros2_homework_basic_package/lib/pkgconfig/ros2_homework_basic_package.pc'
[-1780451361036366592.000s] Level 1:colcon.colcon_core.environment:checking '/home/ddl-cyber/桌面/ros2_homework_basic_ws/install/ros2_homework_basic_package/lib/python3.14/site-packages'
[-1780451361036366592.000s] Level 1:colcon.colcon_core.environment:checking '/home/ddl-cyber/桌面/ros2_homework_basic_ws/install/ros2_homework_basic_package/bin'
[-1780451361036366592.000s] INFO:colcon.colcon_core.shell:Creating package descriptor '/home/ddl-cyber/桌面/ros2_homework_basic_ws/install/ros2_homework_basic_package/share/ros2_homework_basic_package/package.dsv'
[-1780451361036366592.000s] INFO:colcon.colcon_core.shell:Creating package script '/home/ddl-cyber/桌面/ros2_homework_basic_ws/install/ros2_homework_basic_package/share/ros2_homework_basic_package/package.sh'
[-1780451361036366592.000s] INFO:colcon.colcon_core.shell:Creating package script '/home/ddl-cyber/桌面/ros2_homework_basic_ws/install/ros2_homework_basic_package/share/ros2_homework_basic_package/package.bash'
[-1780451361036366592.000s] INFO:colcon.colcon_core.shell:Creating package script '/home/ddl-cyber/桌面/ros2_homework_basic_ws/install/ros2_homework_basic_package/share/ros2_homework_basic_package/package.zsh'
[-1780451361036366592.000s] Level 1:colcon.colcon_core.environment:create_file_with_runtime_dependencies(/home/ddl-cyber/桌面/ros2_homework_basic_ws/install/ros2_homework_basic_package/share/colcon-core/packages/ros2_homework_basic_package)
[-1780451361036366592.000s] DEBUG:colcon.colcon_parallel_executor.executor.parallel:closing loop
[-1780451361036366592.000s] DEBUG:colcon.colcon_parallel_executor.executor.parallel:loop closed
[-1780451361036366592.000s] DEBUG:colcon.colcon_parallel_executor.executor.parallel:run_until_complete finished with '0'
[-1780451361036366592.000s] DEBUG:colcon.colcon_core.event_reactor:joining thread
[-1780451361036366592.000s] INFO:colcon.colcon_core.plugin_system:Skipping extension 'colcon_notification.desktop_notification.terminal_notifier': Not used on non-Darwin systems
[-1780451361036366592.000s] INFO:colcon.colcon_core.plugin_system:Skipping extension 'colcon_notification.desktop_notification.win32': Not used on non-Windows systems
[-1780451361036366592.000s] INFO:colcon.colcon_notification.desktop_notification:Sending desktop notification using 'notify2'
[-1780451361036366592.000s] DEBUG:colcon.colcon_core.event_reactor:joined thread
[-1780451361036366592.000s] INFO:colcon.colcon_core.shell:Creating prefix script '/home/ddl-cyber/桌面/ros2_homework_basic_ws/install/local_setup.sh'
[-1780451361036366592.000s] INFO:colcon.colcon_core.shell:Creating prefix util module '/home/ddl-cyber/桌面/ros2_homework_basic_ws/install/_local_setup_util_sh.py'
[-1780451361036366592.000s] INFO:colcon.colcon_core.shell:Creating prefix chain script '/home/ddl-cyber/桌面/ros2_homework_basic_ws/install/setup.sh'
[-1780451361036366592.000s] INFO:colcon.colcon_core.shell:Creating prefix script '/home/ddl-cyber/桌面/ros2_homework_basic_ws/install/local_setup.bash'
[-1780451361036366592.000s] INFO:colcon.colcon_core.shell:Creating prefix chain script '/home/ddl-cyber/桌面/ros2_homework_basic_ws/install/setup.bash'
[-1780451361036366592.000s] INFO:colcon.colcon_core.shell:Creating prefix script '/home/ddl-cyber/桌面/ros2_homework_basic_ws/install/local_setup.zsh'
[-1780451361036366592.000s] INFO:colcon.colcon_core.shell:Creating prefix chain script '/home/ddl-cyber/桌面/ros2_homework_basic_ws/install/setup.zsh'
