[-1780497862469686784.000s] DEBUG:colcon:Command line arguments: ['/usr/bin/colcon', 'build']
[-1780497862469686784.000s] DEBUG:colcon:Parsed command line arguments: Namespace(log_base=None, log_level=None, verb_name='build', build_base='build', install_base='install', merge_install=False, symlink_install=False, test_result_base=None, continue_on_error=False, executor='parallel', parallel_workers=8, event_handlers=None, ignore_user_meta=False, metas=['./colcon.meta'], base_paths=['.'], packages_ignore=None, packages_ignore_regex=None, paths=None, packages_up_to=None, packages_up_to_regex=None, packages_above=None, packages_above_and_dependencies=None, packages_above_depth=None, packages_select_by_dep=None, packages_skip_by_dep=None, packages_skip_up_to=None, packages_select_build_failed=False, packages_skip_build_finished=False, packages_select_test_failures=False, packages_skip_test_passed=False, packages_select=None, packages_skip=None, packages_select_regex=None, packages_skip_regex=None, packages_start=None, packages_end=None, cmake_args=None, cmake_target=None, cmake_target_skip_unavailable=False, cmake_clean_cache=False, cmake_clean_first=False, cmake_force_configure=False, ament_cmake_args=None, catkin_cmake_args=None, catkin_skip_building_tests=False, verb_parser=<colcon_defaults.argument_parser.defaults.DefaultArgumentsDecorator object at 0x7f0c39b39950>, verb_extension=<colcon_core.verb.build.BuildVerb object at 0x7f0c39b59010>, main=<bound method BuildVerb.main of <colcon_core.verb.build.BuildVerb object at 0x7f0c39b59010>>)
[-1780497862469686784.000s] Level 1:colcon.colcon_core.package_discovery:discover_packages(colcon_meta) check parameters
[-1780497862469686784.000s] Level 1:colcon.colcon_core.package_discovery:discover_packages(recursive) check parameters
[-1780497862469686784.000s] Level 1:colcon.colcon_core.package_discovery:discover_packages(ignore) check parameters
[-1780497862469686784.000s] Level 1:colcon.colcon_core.package_discovery:discover_packages(path) check parameters
[-1780497862469686784.000s] Level 1:colcon.colcon_core.package_discovery:discover_packages(colcon_meta) discover
[-1780497862469686784.000s] Level 1:colcon.colcon_core.package_discovery:discover_packages(recursive) discover
[-1780497862469686784.000s] INFO:colcon.colcon_core.package_discovery:Crawling recursively for packages in '/home/ddl-cyber/桌面/ros2_homework_advanced_ws'
[-1780497862469686784.000s] Level 1:colcon.colcon_core.package_identification:_identify(.) by extensions ['ignore', 'ignore_ament_install']
[-1780497862469686784.000s] Level 1:colcon.colcon_core.package_identification:_identify(.) by extension 'ignore'
[-1780497862469686784.000s] Level 1:colcon.colcon_core.package_identification:_identify(.) by extension 'ignore_ament_install'
[-1780497862469686784.000s] Level 1:colcon.colcon_core.package_identification:_identify(.) by extensions ['colcon_pkg']
[-1780497862469686784.000s] Level 1:colcon.colcon_core.package_identification:_identify(.) by extension 'colcon_pkg'
[-1780497862469686784.000s] Level 1:colcon.colcon_core.package_identification:_identify(.) by extensions ['colcon_meta']
[-1780497862469686784.000s] Level 1:colcon.colcon_core.package_identification:_identify(.) by extension 'colcon_meta'
[-1780497862469686784.000s] Level 1:colcon.colcon_core.package_identification:_identify(.) by extensions ['ros']
[-1780497862469686784.000s] Level 1:colcon.colcon_core.package_identification:_identify(.) by extension 'ros'
[-1780497862469686784.000s] Level 1:colcon.colcon_core.package_identification:_identify(.) by extensions ['cmake', 'python']
[-1780497862469686784.000s] Level 1:colcon.colcon_core.package_identification:_identify(.) by extension 'cmake'
[-1780497862469686784.000s] Level 1:colcon.colcon_core.package_identification:_identify(.) by extension 'python'
[-1780497862469686784.000s] Level 1:colcon.colcon_core.package_identification:_identify(.) by extensions ['python_setup_py']
[-1780497862469686784.000s] Level 1:colcon.colcon_core.package_identification:_identify(.) by extension 'python_setup_py'
[-1780497862469686784.000s] Level 1:colcon.colcon_core.package_identification:_identify(build) by extensions ['ignore', 'ignore_ament_install']
[-1780497862469686784.000s] Level 1:colcon.colcon_core.package_identification:_identify(build) by extension 'ignore'
[-1780497862469686784.000s] Level 1:colcon.colcon_core.package_identification:_identify(build) ignored
[-1780497862469686784.000s] Level 1:colcon.colcon_core.package_identification:_identify(install) by extensions ['ignore', 'ignore_ament_install']
[-1780497862469686784.000s] Level 1:colcon.colcon_core.package_identification:_identify(install) by extension 'ignore'
[-1780497862469686784.000s] Level 1:colcon.colcon_core.package_identification:_identify(install) ignored
[-1780497862469686784.000s] Level 1:colcon.colcon_core.package_identification:_identify(log) by extensions ['ignore', 'ignore_ament_install']
[-1780497862469686784.000s] Level 1:colcon.colcon_core.package_identification:_identify(log) by extension 'ignore'
[-1780497862469686784.000s] Level 1:colcon.colcon_core.package_identification:_identify(log) ignored
[-1780497862469686784.000s] Level 1:colcon.colcon_core.package_identification:_identify(src) by extensions ['ignore', 'ignore_ament_install']
[-1780497862469686784.000s] Level 1:colcon.colcon_core.package_identification:_identify(src) by extension 'ignore'
[-1780497862469686784.000s] Level 1:colcon.colcon_core.package_identification:_identify(src) by extension 'ignore_ament_install'
[-1780497862469686784.000s] Level 1:colcon.colcon_core.package_identification:_identify(src) by extensions ['colcon_pkg']
[-1780497862469686784.000s] Level 1:colcon.colcon_core.package_identification:_identify(src) by extension 'colcon_pkg'
[-1780497862469686784.000s] Level 1:colcon.colcon_core.package_identification:_identify(src) by extensions ['colcon_meta']
[-1780497862469686784.000s] Level 1:colcon.colcon_core.package_identification:_identify(src) by extension 'colcon_meta'
[-1780497862469686784.000s] Level 1:colcon.colcon_core.package_identification:_identify(src) by extensions ['ros']
[-1780497862469686784.000s] Level 1:colcon.colcon_core.package_identification:_identify(src) by extension 'ros'
[-1780497862469686784.000s] Level 1:colcon.colcon_core.package_identification:_identify(src) by extensions ['cmake', 'python']
[-1780497862469686784.000s] Level 1:colcon.colcon_core.package_identification:_identify(src) by extension 'cmake'
[-1780497862469686784.000s] Level 1:colcon.colcon_core.package_identification:_identify(src) by extension 'python'
[-1780497862469686784.000s] Level 1:colcon.colcon_core.package_identification:_identify(src) by extensions ['python_setup_py']
[-1780497862469686784.000s] Level 1:colcon.colcon_core.package_identification:_identify(src) by extension 'python_setup_py'
[-1780497862469686784.000s] Level 1:colcon.colcon_core.package_identification:_identify(src/fsd_common_msgs) by extensions ['ignore', 'ignore_ament_install']
[-1780497862469686784.000s] Level 1:colcon.colcon_core.package_identification:_identify(src/fsd_common_msgs) by extension 'ignore'
[-1780497862469686784.000s] Level 1:colcon.colcon_core.package_identification:_identify(src/fsd_common_msgs) by extension 'ignore_ament_install'
[-1780497862469686784.000s] Level 1:colcon.colcon_core.package_identification:_identify(src/fsd_common_msgs) by extensions ['colcon_pkg']
[-1780497862469686784.000s] Level 1:colcon.colcon_core.package_identification:_identify(src/fsd_common_msgs) by extension 'colcon_pkg'
[-1780497862469686784.000s] Level 1:colcon.colcon_core.package_identification:_identify(src/fsd_common_msgs) by extensions ['colcon_meta']
[-1780497862469686784.000s] Level 1:colcon.colcon_core.package_identification:_identify(src/fsd_common_msgs) by extension 'colcon_meta'
[-1780497862469686784.000s] Level 1:colcon.colcon_core.package_identification:_identify(src/fsd_common_msgs) by extensions ['ros']
[-1780497862469686784.000s] Level 1:colcon.colcon_core.package_identification:_identify(src/fsd_common_msgs) by extension 'ros'
[-1780497862469686784.000s] DEBUG:colcon.colcon_core.package_identification:Package 'src/fsd_common_msgs' with type 'ros.ament_cmake' and name 'fsd_common_msgs'
[-1780497862469686784.000s] Level 1:colcon.colcon_core.package_identification:_identify(src/map_to_visualize) by extensions ['ignore', 'ignore_ament_install']
[-1780497862469686784.000s] Level 1:colcon.colcon_core.package_identification:_identify(src/map_to_visualize) by extension 'ignore'
[-1780497862469686784.000s] Level 1:colcon.colcon_core.package_identification:_identify(src/map_to_visualize) by extension 'ignore_ament_install'
[-1780497862469686784.000s] Level 1:colcon.colcon_core.package_identification:_identify(src/map_to_visualize) by extensions ['colcon_pkg']
[-1780497862469686784.000s] Level 1:colcon.colcon_core.package_identification:_identify(src/map_to_visualize) by extension 'colcon_pkg'
[-1780497862469686784.000s] Level 1:colcon.colcon_core.package_identification:_identify(src/map_to_visualize) by extensions ['colcon_meta']
[-1780497862469686784.000s] Level 1:colcon.colcon_core.package_identification:_identify(src/map_to_visualize) by extension 'colcon_meta'
[-1780497862469686784.000s] Level 1:colcon.colcon_core.package_identification:_identify(src/map_to_visualize) by extensions ['ros']
[-1780497862469686784.000s] Level 1:colcon.colcon_core.package_identification:_identify(src/map_to_visualize) by extension 'ros'
[-1780497862469686784.000s] DEBUG:colcon.colcon_core.package_identification:Package 'src/map_to_visualize' with type 'ros.ament_cmake' and name 'map_to_visualize'
[-1780497862469686784.000s] Level 1:colcon.colcon_core.package_identification:_identify(tmp) by extensions ['ignore', 'ignore_ament_install']
[-1780497862469686784.000s] Level 1:colcon.colcon_core.package_identification:_identify(tmp) by extension 'ignore'
[-1780497862469686784.000s] Level 1:colcon.colcon_core.package_identification:_identify(tmp) by extension 'ignore_ament_install'
[-1780497862469686784.000s] Level 1:colcon.colcon_core.package_identification:_identify(tmp) by extensions ['colcon_pkg']
[-1780497862469686784.000s] Level 1:colcon.colcon_core.package_identification:_identify(tmp) by extension 'colcon_pkg'
[-1780497862469686784.000s] Level 1:colcon.colcon_core.package_identification:_identify(tmp) by extensions ['colcon_meta']
[-1780497862469686784.000s] Level 1:colcon.colcon_core.package_identification:_identify(tmp) by extension 'colcon_meta'
[-1780497862469686784.000s] Level 1:colcon.colcon_core.package_identification:_identify(tmp) by extensions ['ros']
[-1780497862469686784.000s] Level 1:colcon.colcon_core.package_identification:_identify(tmp) by extension 'ros'
[-1780497862469686784.000s] Level 1:colcon.colcon_core.package_identification:_identify(tmp) by extensions ['cmake', 'python']
[-1780497862469686784.000s] Level 1:colcon.colcon_core.package_identification:_identify(tmp) by extension 'cmake'
[-1780497862469686784.000s] Level 1:colcon.colcon_core.package_identification:_identify(tmp) by extension 'python'
[-1780497862469686784.000s] Level 1:colcon.colcon_core.package_identification:_identify(tmp) by extensions ['python_setup_py']
[-1780497862469686784.000s] Level 1:colcon.colcon_core.package_identification:_identify(tmp) by extension 'python_setup_py'
[-1780497862469686784.000s] Level 1:colcon.colcon_core.package_identification:_identify(tmp/aha) by extensions ['ignore', 'ignore_ament_install']
[-1780497862469686784.000s] Level 1:colcon.colcon_core.package_identification:_identify(tmp/aha) by extension 'ignore'
[-1780497862469686784.000s] Level 1:colcon.colcon_core.package_identification:_identify(tmp/aha) by extension 'ignore_ament_install'
[-1780497862469686784.000s] Level 1:colcon.colcon_core.package_identification:_identify(tmp/aha) by extensions ['colcon_pkg']
[-1780497862469686784.000s] Level 1:colcon.colcon_core.package_identification:_identify(tmp/aha) by extension 'colcon_pkg'
[-1780497862469686784.000s] Level 1:colcon.colcon_core.package_identification:_identify(tmp/aha) by extensions ['colcon_meta']
[-1780497862469686784.000s] Level 1:colcon.colcon_core.package_identification:_identify(tmp/aha) by extension 'colcon_meta'
[-1780497862469686784.000s] Level 1:colcon.colcon_core.package_identification:_identify(tmp/aha) by extensions ['ros']
[-1780497862469686784.000s] Level 1:colcon.colcon_core.package_identification:_identify(tmp/aha) by extension 'ros'
[-1780497862469686784.000s] Level 1:colcon.colcon_core.package_identification:_identify(tmp/aha) by extensions ['cmake', 'python']
[-1780497862469686784.000s] Level 1:colcon.colcon_core.package_identification:_identify(tmp/aha) by extension 'cmake'
[-1780497862469686784.000s] Level 1:colcon.colcon_core.package_identification:_identify(tmp/aha) by extension 'python'
[-1780497862469686784.000s] Level 1:colcon.colcon_core.package_identification:_identify(tmp/aha) by extensions ['python_setup_py']
[-1780497862469686784.000s] Level 1:colcon.colcon_core.package_identification:_identify(tmp/aha) by extension 'python_setup_py'
[-1780497862469686784.000s] Level 1:colcon.colcon_core.package_identification:_identify(tmp/aha/dconf) by extensions ['ignore', 'ignore_ament_install']
[-1780497862469686784.000s] Level 1:colcon.colcon_core.package_identification:_identify(tmp/aha/dconf) by extension 'ignore'
[-1780497862469686784.000s] Level 1:colcon.colcon_core.package_identification:_identify(tmp/aha/dconf) by extension 'ignore_ament_install'
[-1780497862469686784.000s] Level 1:colcon.colcon_core.package_identification:_identify(tmp/aha/dconf) by extensions ['colcon_pkg']
[-1780497862469686784.000s] Level 1:colcon.colcon_core.package_identification:_identify(tmp/aha/dconf) by extension 'colcon_pkg'
[-1780497862469686784.000s] Level 1:colcon.colcon_core.package_identification:_identify(tmp/aha/dconf) by extensions ['colcon_meta']
[-1780497862469686784.000s] Level 1:colcon.colcon_core.package_identification:_identify(tmp/aha/dconf) by extension 'colcon_meta'
[-1780497862469686784.000s] Level 1:colcon.colcon_core.package_identification:_identify(tmp/aha/dconf) by extensions ['ros']
[-1780497862469686784.000s] Level 1:colcon.colcon_core.package_identification:_identify(tmp/aha/dconf) by extension 'ros'
[-1780497862469686784.000s] Level 1:colcon.colcon_core.package_identification:_identify(tmp/aha/dconf) by extensions ['cmake', 'python']
[-1780497862469686784.000s] Level 1:colcon.colcon_core.package_identification:_identify(tmp/aha/dconf) by extension 'cmake'
[-1780497862469686784.000s] Level 1:colcon.colcon_core.package_identification:_identify(tmp/aha/dconf) by extension 'python'
[-1780497862469686784.000s] Level 1:colcon.colcon_core.package_identification:_identify(tmp/aha/dconf) by extensions ['python_setup_py']
[-1780497862469686784.000s] Level 1:colcon.colcon_core.package_identification:_identify(tmp/aha/dconf) by extension 'python_setup_py'
[-1780497862469686784.000s] Level 1:colcon.colcon_core.package_discovery:discover_packages(recursive) using defaults
[-1780497862469686784.000s] Level 1:colcon.colcon_core.package_discovery:discover_packages(ignore) discover
[-1780497862469686784.000s] Level 1:colcon.colcon_core.package_discovery:discover_packages(ignore) using defaults
[-1780497862469686784.000s] Level 1:colcon.colcon_core.package_discovery:discover_packages(path) discover
[-1780497862469686784.000s] Level 1:colcon.colcon_core.package_discovery:discover_packages(path) using defaults
[-1780497862469686784.000s] Level 5:colcon.colcon_core.verb:set package 'fsd_common_msgs' build argument 'cmake_args' from command line to 'None'
[-1780497862469686784.000s] Level 5:colcon.colcon_core.verb:set package 'fsd_common_msgs' build argument 'cmake_target' from command line to 'None'
[-1780497862469686784.000s] Level 5:colcon.colcon_core.verb:set package 'fsd_common_msgs' build argument 'cmake_target_skip_unavailable' from command line to 'False'
[-1780497862469686784.000s] Level 5:colcon.colcon_core.verb:set package 'fsd_common_msgs' build argument 'cmake_clean_cache' from command line to 'False'
[-1780497862469686784.000s] Level 5:colcon.colcon_core.verb:set package 'fsd_common_msgs' build argument 'cmake_clean_first' from command line to 'False'
[-1780497862469686784.000s] Level 5:colcon.colcon_core.verb:set package 'fsd_common_msgs' build argument 'cmake_force_configure' from command line to 'False'
[-1780497862469686784.000s] Level 5:colcon.colcon_core.verb:set package 'fsd_common_msgs' build argument 'ament_cmake_args' from command line to 'None'
[-1780497862469686784.000s] Level 5:colcon.colcon_core.verb:set package 'fsd_common_msgs' build argument 'catkin_cmake_args' from command line to 'None'
[-1780497862469686784.000s] Level 5:colcon.colcon_core.verb:set package 'fsd_common_msgs' build argument 'catkin_skip_building_tests' from command line to 'False'
[-1780497862469686784.000s] DEBUG:colcon.colcon_core.verb:Building package 'fsd_common_msgs' with the following arguments: {'ament_cmake_args': None, 'build_base': '/home/ddl-cyber/桌面/ros2_homework_advanced_ws/build/fsd_common_msgs', 'catkin_cmake_args': None, 'catkin_skip_building_tests': False, 'cmake_args': None, 'cmake_clean_cache': False, 'cmake_clean_first': False, 'cmake_force_configure': False, 'cmake_target': None, 'cmake_target_skip_unavailable': False, 'install_base': '/home/ddl-cyber/桌面/ros2_homework_advanced_ws/install/fsd_common_msgs', 'merge_install': False, 'path': '/home/ddl-cyber/桌面/ros2_homework_advanced_ws/src/fsd_common_msgs', 'symlink_install': False, 'test_result_base': None}
[-1780497862469686784.000s] Level 5:colcon.colcon_core.verb:set package 'map_to_visualize' build argument 'cmake_args' from command line to 'None'
[-1780497862469686784.000s] Level 5:colcon.colcon_core.verb:set package 'map_to_visualize' build argument 'cmake_target' from command line to 'None'
[-1780497862469686784.000s] Level 5:colcon.colcon_core.verb:set package 'map_to_visualize' build argument 'cmake_target_skip_unavailable' from command line to 'False'
[-1780497862469686784.000s] Level 5:colcon.colcon_core.verb:set package 'map_to_visualize' build argument 'cmake_clean_cache' from command line to 'False'
[-1780497862469686784.000s] Level 5:colcon.colcon_core.verb:set package 'map_to_visualize' build argument 'cmake_clean_first' from command line to 'False'
[-1780497862469686784.000s] Level 5:colcon.colcon_core.verb:set package 'map_to_visualize' build argument 'cmake_force_configure' from command line to 'False'
[-1780497862469686784.000s] Level 5:colcon.colcon_core.verb:set package 'map_to_visualize' build argument 'ament_cmake_args' from command line to 'None'
[-1780497862469686784.000s] Level 5:colcon.colcon_core.verb:set package 'map_to_visualize' build argument 'catkin_cmake_args' from command line to 'None'
[-1780497862469686784.000s] Level 5:colcon.colcon_core.verb:set package 'map_to_visualize' build argument 'catkin_skip_building_tests' from command line to 'False'
[-1780497862469686784.000s] DEBUG:colcon.colcon_core.verb:Building package 'map_to_visualize' with the following arguments: {'ament_cmake_args': None, 'build_base': '/home/ddl-cyber/桌面/ros2_homework_advanced_ws/build/map_to_visualize', 'catkin_cmake_args': None, 'catkin_skip_building_tests': False, 'cmake_args': None, 'cmake_clean_cache': False, 'cmake_clean_first': False, 'cmake_force_configure': False, 'cmake_target': None, 'cmake_target_skip_unavailable': False, 'install_base': '/home/ddl-cyber/桌面/ros2_homework_advanced_ws/install/map_to_visualize', 'merge_install': False, 'path': '/home/ddl-cyber/桌面/ros2_homework_advanced_ws/src/map_to_visualize', 'symlink_install': False, 'test_result_base': None}
[-1780497862469686784.000s] INFO:colcon.colcon_core.executor:Executing jobs using 'parallel' executor
[-1780497862469686784.000s] DEBUG:colcon.colcon_parallel_executor.executor.parallel:run_until_complete
[-1780497862469686784.000s] INFO:colcon.colcon_ros.task.ament_cmake.build:Building ROS package in '/home/ddl-cyber/桌面/ros2_homework_advanced_ws/src/fsd_common_msgs' with build type 'ament_cmake'
[-1780497862469686784.000s] INFO:colcon.colcon_cmake.task.cmake.build:Building CMake package in '/home/ddl-cyber/桌面/ros2_homework_advanced_ws/src/fsd_common_msgs'
[-1780497862469686784.000s] INFO:colcon.colcon_core.plugin_system:Skipping extension 'colcon_core.shell.bat': Not used on non-Windows systems
[-1780497862469686784.000s] DEBUG:colcon.colcon_core.shell:Skip shell extension 'dsv' for command environment
[-1780497862469686784.000s] DEBUG:colcon.colcon_core.event_handler.log_command:Invoking command in '/home/ddl-cyber/桌面/ros2_homework_advanced_ws/build/fsd_common_msgs': CMAKE_PREFIX_PATH=${CMAKE_PREFIX_PATH}:/opt/ros/lyrical DEBUGINFOD_URLS=https://debuginfod.ubuntu.com /usr/bin/cmake /home/ddl-cyber/桌面/ros2_homework_advanced_ws/src/fsd_common_msgs -DCMAKE_INSTALL_PREFIX=/home/ddl-cyber/桌面/ros2_homework_advanced_ws/install/fsd_common_msgs
[-1780497862469686784.000s] DEBUG:colcon.colcon_core.event_handler.log_command:Invoked command in '/home/ddl-cyber/桌面/ros2_homework_advanced_ws/build/fsd_common_msgs' returned '0': CMAKE_PREFIX_PATH=${CMAKE_PREFIX_PATH}:/opt/ros/lyrical DEBUGINFOD_URLS=https://debuginfod.ubuntu.com /usr/bin/cmake /home/ddl-cyber/桌面/ros2_homework_advanced_ws/src/fsd_common_msgs -DCMAKE_INSTALL_PREFIX=/home/ddl-cyber/桌面/ros2_homework_advanced_ws/install/fsd_common_msgs
[-1780497862469686784.000s] DEBUG:colcon.colcon_core.event_handler.log_command:Invoking command in '/home/ddl-cyber/桌面/ros2_homework_advanced_ws/build/fsd_common_msgs': CMAKE_PREFIX_PATH=${CMAKE_PREFIX_PATH}:/opt/ros/lyrical DEBUGINFOD_URLS=https://debuginfod.ubuntu.com /usr/bin/cmake --build /home/ddl-cyber/桌面/ros2_homework_advanced_ws/build/fsd_common_msgs -- -j8 -l8
[-1780497862469686784.000s] DEBUG:colcon.colcon_core.event_handler.log_command:Invoked command in '/home/ddl-cyber/桌面/ros2_homework_advanced_ws/build/fsd_common_msgs' returned '0': CMAKE_PREFIX_PATH=${CMAKE_PREFIX_PATH}:/opt/ros/lyrical DEBUGINFOD_URLS=https://debuginfod.ubuntu.com /usr/bin/cmake --build /home/ddl-cyber/桌面/ros2_homework_advanced_ws/build/fsd_common_msgs -- -j8 -l8
[-1780497862469686784.000s] DEBUG:colcon.colcon_core.event_handler.log_command:Invoking command in '/home/ddl-cyber/桌面/ros2_homework_advanced_ws/build/fsd_common_msgs': CMAKE_PREFIX_PATH=${CMAKE_PREFIX_PATH}:/opt/ros/lyrical DEBUGINFOD_URLS=https://debuginfod.ubuntu.com /usr/bin/cmake --install /home/ddl-cyber/桌面/ros2_homework_advanced_ws/build/fsd_common_msgs
[-1780497862469686784.000s] Level 1:colcon.colcon_core.environment:create_environment_scripts_only(fsd_common_msgs)
[-1780497862469686784.000s] DEBUG:colcon.colcon_core.event_handler.log_command:Invoked command in '/home/ddl-cyber/桌面/ros2_homework_advanced_ws/build/fsd_common_msgs' returned '0': CMAKE_PREFIX_PATH=${CMAKE_PREFIX_PATH}:/opt/ros/lyrical DEBUGINFOD_URLS=https://debuginfod.ubuntu.com /usr/bin/cmake --install /home/ddl-cyber/桌面/ros2_homework_advanced_ws/build/fsd_common_msgs
[-1780497862469686784.000s] Level 1:colcon.colcon_core.environment:checking '/home/ddl-cyber/桌面/ros2_homework_advanced_ws/install/fsd_common_msgs' for CMake module files
[-1780497862469686784.000s] Level 1:colcon.colcon_core.environment:checking '/home/ddl-cyber/桌面/ros2_homework_advanced_ws/install/fsd_common_msgs' for CMake config files
[-1780497862469686784.000s] Level 1:colcon.colcon_core.shell:create_environment_hook('fsd_common_msgs', 'cmake_prefix_path')
[-1780497862469686784.000s] INFO:colcon.colcon_core.shell:Creating environment descriptor '/home/ddl-cyber/桌面/ros2_homework_advanced_ws/install/fsd_common_msgs/share/fsd_common_msgs/hook/cmake_prefix_path.dsv'
[-1780497862469686784.000s] INFO:colcon.colcon_core.shell:Creating environment hook '/home/ddl-cyber/桌面/ros2_homework_advanced_ws/install/fsd_common_msgs/share/fsd_common_msgs/hook/cmake_prefix_path.sh'
[-1780497862469686784.000s] Level 1:colcon.colcon_core.environment:checking '/home/ddl-cyber/桌面/ros2_homework_advanced_ws/install/fsd_common_msgs/lib'
[-1780497862469686784.000s] Level 1:colcon.colcon_core.shell:create_environment_hook('fsd_common_msgs', 'ld_library_path_lib')
[-1780497862469686784.000s] INFO:colcon.colcon_core.shell:Creating environment descriptor '/home/ddl-cyber/桌面/ros2_homework_advanced_ws/install/fsd_common_msgs/share/fsd_common_msgs/hook/ld_library_path_lib.dsv'
[-1780497862469686784.000s] INFO:colcon.colcon_core.shell:Creating environment hook '/home/ddl-cyber/桌面/ros2_homework_advanced_ws/install/fsd_common_msgs/share/fsd_common_msgs/hook/ld_library_path_lib.sh'
[-1780497862469686784.000s] Level 1:colcon.colcon_core.environment:checking '/home/ddl-cyber/桌面/ros2_homework_advanced_ws/install/fsd_common_msgs/bin'
[-1780497862469686784.000s] Level 1:colcon.colcon_core.environment:checking '/home/ddl-cyber/桌面/ros2_homework_advanced_ws/install/fsd_common_msgs/lib/pkgconfig/fsd_common_msgs.pc'
[-1780497862469686784.000s] Level 1:colcon.colcon_core.environment:checking '/home/ddl-cyber/桌面/ros2_homework_advanced_ws/install/fsd_common_msgs/lib/python3.14/site-packages'
[-1780497862469686784.000s] Level 1:colcon.colcon_core.shell:create_environment_hook('fsd_common_msgs', 'pythonpath')
[-1780497862469686784.000s] INFO:colcon.colcon_core.shell:Creating environment descriptor '/home/ddl-cyber/桌面/ros2_homework_advanced_ws/install/fsd_common_msgs/share/fsd_common_msgs/hook/pythonpath.dsv'
[-1780497862469686784.000s] INFO:colcon.colcon_core.shell:Creating environment hook '/home/ddl-cyber/桌面/ros2_homework_advanced_ws/install/fsd_common_msgs/share/fsd_common_msgs/hook/pythonpath.sh'
[-1780497862469686784.000s] Level 1:colcon.colcon_core.environment:checking '/home/ddl-cyber/桌面/ros2_homework_advanced_ws/install/fsd_common_msgs/bin'
[-1780497862469686784.000s] INFO:colcon.colcon_core.shell:Creating package descriptor '/home/ddl-cyber/桌面/ros2_homework_advanced_ws/install/fsd_common_msgs/share/fsd_common_msgs/package.dsv'
[-1780497862469686784.000s] INFO:colcon.colcon_core.shell:Creating package script '/home/ddl-cyber/桌面/ros2_homework_advanced_ws/install/fsd_common_msgs/share/fsd_common_msgs/package.sh'
[-1780497862469686784.000s] INFO:colcon.colcon_core.shell:Creating package script '/home/ddl-cyber/桌面/ros2_homework_advanced_ws/install/fsd_common_msgs/share/fsd_common_msgs/package.bash'
[-1780497862469686784.000s] INFO:colcon.colcon_core.shell:Creating package script '/home/ddl-cyber/桌面/ros2_homework_advanced_ws/install/fsd_common_msgs/share/fsd_common_msgs/package.zsh'
[-1780497862469686784.000s] Level 1:colcon.colcon_core.environment:create_file_with_runtime_dependencies(/home/ddl-cyber/桌面/ros2_homework_advanced_ws/install/fsd_common_msgs/share/colcon-core/packages/fsd_common_msgs)
[-1780497862469686784.000s] Level 1:colcon.colcon_core.environment:create_environment_scripts_only(fsd_common_msgs)
[-1780497862469686784.000s] Level 1:colcon.colcon_core.environment:checking '/home/ddl-cyber/桌面/ros2_homework_advanced_ws/install/fsd_common_msgs' for CMake module files
[-1780497862469686784.000s] Level 1:colcon.colcon_core.environment:checking '/home/ddl-cyber/桌面/ros2_homework_advanced_ws/install/fsd_common_msgs' for CMake config files
[-1780497862469686784.000s] Level 1:colcon.colcon_core.shell:create_environment_hook('fsd_common_msgs', 'cmake_prefix_path')
[-1780497862469686784.000s] INFO:colcon.colcon_core.shell:Creating environment descriptor '/home/ddl-cyber/桌面/ros2_homework_advanced_ws/install/fsd_common_msgs/share/fsd_common_msgs/hook/cmake_prefix_path.dsv'
[-1780497862469686784.000s] INFO:colcon.colcon_core.shell:Creating environment hook '/home/ddl-cyber/桌面/ros2_homework_advanced_ws/install/fsd_common_msgs/share/fsd_common_msgs/hook/cmake_prefix_path.sh'
[-1780497862469686784.000s] Level 1:colcon.colcon_core.environment:checking '/home/ddl-cyber/桌面/ros2_homework_advanced_ws/install/fsd_common_msgs/lib'
[-1780497862469686784.000s] Level 1:colcon.colcon_core.shell:create_environment_hook('fsd_common_msgs', 'ld_library_path_lib')
[-1780497862469686784.000s] INFO:colcon.colcon_core.shell:Creating environment descriptor '/home/ddl-cyber/桌面/ros2_homework_advanced_ws/install/fsd_common_msgs/share/fsd_common_msgs/hook/ld_library_path_lib.dsv'
[-1780497862469686784.000s] INFO:colcon.colcon_core.shell:Creating environment hook '/home/ddl-cyber/桌面/ros2_homework_advanced_ws/install/fsd_common_msgs/share/fsd_common_msgs/hook/ld_library_path_lib.sh'
[-1780497862469686784.000s] Level 1:colcon.colcon_core.environment:checking '/home/ddl-cyber/桌面/ros2_homework_advanced_ws/install/fsd_common_msgs/bin'
[-1780497862469686784.000s] Level 1:colcon.colcon_core.environment:checking '/home/ddl-cyber/桌面/ros2_homework_advanced_ws/install/fsd_common_msgs/lib/pkgconfig/fsd_common_msgs.pc'
[-1780497862469686784.000s] Level 1:colcon.colcon_core.environment:checking '/home/ddl-cyber/桌面/ros2_homework_advanced_ws/install/fsd_common_msgs/lib/python3.14/site-packages'
[-1780497862469686784.000s] Level 1:colcon.colcon_core.shell:create_environment_hook('fsd_common_msgs', 'pythonpath')
[-1780497862469686784.000s] INFO:colcon.colcon_core.shell:Creating environment descriptor '/home/ddl-cyber/桌面/ros2_homework_advanced_ws/install/fsd_common_msgs/share/fsd_common_msgs/hook/pythonpath.dsv'
[-1780497862469686784.000s] INFO:colcon.colcon_core.shell:Creating environment hook '/home/ddl-cyber/桌面/ros2_homework_advanced_ws/install/fsd_common_msgs/share/fsd_common_msgs/hook/pythonpath.sh'
[-1780497862469686784.000s] Level 1:colcon.colcon_core.environment:checking '/home/ddl-cyber/桌面/ros2_homework_advanced_ws/install/fsd_common_msgs/bin'
[-1780497862469686784.000s] INFO:colcon.colcon_core.shell:Creating package descriptor '/home/ddl-cyber/桌面/ros2_homework_advanced_ws/install/fsd_common_msgs/share/fsd_common_msgs/package.dsv'
[-1780497862469686784.000s] INFO:colcon.colcon_core.shell:Creating package script '/home/ddl-cyber/桌面/ros2_homework_advanced_ws/install/fsd_common_msgs/share/fsd_common_msgs/package.sh'
[-1780497862469686784.000s] INFO:colcon.colcon_core.shell:Creating package script '/home/ddl-cyber/桌面/ros2_homework_advanced_ws/install/fsd_common_msgs/share/fsd_common_msgs/package.bash'
[-1780497862469686784.000s] INFO:colcon.colcon_core.shell:Creating package script '/home/ddl-cyber/桌面/ros2_homework_advanced_ws/install/fsd_common_msgs/share/fsd_common_msgs/package.zsh'
[-1780497862469686784.000s] Level 1:colcon.colcon_core.environment:create_file_with_runtime_dependencies(/home/ddl-cyber/桌面/ros2_homework_advanced_ws/install/fsd_common_msgs/share/colcon-core/packages/fsd_common_msgs)
[-1780497862469686784.000s] INFO:colcon.colcon_ros.task.ament_cmake.build:Building ROS package in '/home/ddl-cyber/桌面/ros2_homework_advanced_ws/src/map_to_visualize' with build type 'ament_cmake'
[-1780497862469686784.000s] INFO:colcon.colcon_cmake.task.cmake.build:Building CMake package in '/home/ddl-cyber/桌面/ros2_homework_advanced_ws/src/map_to_visualize'
[-1780497862469686784.000s] DEBUG:colcon.colcon_core.shell:Skip shell extension 'dsv' for command environment
[-1780497862469686784.000s] DEBUG:colcon.colcon_core.event_handler.log_command:Invoking command in '/home/ddl-cyber/桌面/ros2_homework_advanced_ws/build/map_to_visualize': AMENT_PREFIX_PATH=/home/ddl-cyber/桌面/ros2_homework_advanced_ws/install/fsd_common_msgs:${AMENT_PREFIX_PATH} CMAKE_PREFIX_PATH=/home/ddl-cyber/桌面/ros2_homework_advanced_ws/install/fsd_common_msgs:/opt/ros/lyrical/opt/gz_math_vendor:/opt/ros/lyrical/opt/gz_utils_vendor:/opt/ros/lyrical/opt/gz_cmake_vendor:/opt/ros/lyrical DEBUGINFOD_URLS=https://debuginfod.ubuntu.com LD_LIBRARY_PATH=/home/ddl-cyber/桌面/ros2_homework_advanced_ws/install/fsd_common_msgs/lib:${LD_LIBRARY_PATH} PYTHONPATH=/home/ddl-cyber/桌面/ros2_homework_advanced_ws/install/fsd_common_msgs/lib/python3.14/site-packages:${PYTHONPATH} /usr/bin/cmake /home/ddl-cyber/桌面/ros2_homework_advanced_ws/src/map_to_visualize -DCMAKE_INSTALL_PREFIX=/home/ddl-cyber/桌面/ros2_homework_advanced_ws/install/map_to_visualize
[-1780497862469686784.000s] DEBUG:colcon.colcon_core.event_handler.log_command:Invoked command in '/home/ddl-cyber/桌面/ros2_homework_advanced_ws/build/map_to_visualize' returned '0': AMENT_PREFIX_PATH=/home/ddl-cyber/桌面/ros2_homework_advanced_ws/install/fsd_common_msgs:${AMENT_PREFIX_PATH} CMAKE_PREFIX_PATH=/home/ddl-cyber/桌面/ros2_homework_advanced_ws/install/fsd_common_msgs:/opt/ros/lyrical/opt/gz_math_vendor:/opt/ros/lyrical/opt/gz_utils_vendor:/opt/ros/lyrical/opt/gz_cmake_vendor:/opt/ros/lyrical DEBUGINFOD_URLS=https://debuginfod.ubuntu.com LD_LIBRARY_PATH=/home/ddl-cyber/桌面/ros2_homework_advanced_ws/install/fsd_common_msgs/lib:${LD_LIBRARY_PATH} PYTHONPATH=/home/ddl-cyber/桌面/ros2_homework_advanced_ws/install/fsd_common_msgs/lib/python3.14/site-packages:${PYTHONPATH} /usr/bin/cmake /home/ddl-cyber/桌面/ros2_homework_advanced_ws/src/map_to_visualize -DCMAKE_INSTALL_PREFIX=/home/ddl-cyber/桌面/ros2_homework_advanced_ws/install/map_to_visualize
[-1780497862469686784.000s] DEBUG:colcon.colcon_core.event_handler.log_command:Invoking command in '/home/ddl-cyber/桌面/ros2_homework_advanced_ws/build/map_to_visualize': AMENT_PREFIX_PATH=/home/ddl-cyber/桌面/ros2_homework_advanced_ws/install/fsd_common_msgs:${AMENT_PREFIX_PATH} CMAKE_PREFIX_PATH=/home/ddl-cyber/桌面/ros2_homework_advanced_ws/install/fsd_common_msgs:/opt/ros/lyrical/opt/gz_math_vendor:/opt/ros/lyrical/opt/gz_utils_vendor:/opt/ros/lyrical/opt/gz_cmake_vendor:/opt/ros/lyrical DEBUGINFOD_URLS=https://debuginfod.ubuntu.com LD_LIBRARY_PATH=/home/ddl-cyber/桌面/ros2_homework_advanced_ws/install/fsd_common_msgs/lib:${LD_LIBRARY_PATH} PYTHONPATH=/home/ddl-cyber/桌面/ros2_homework_advanced_ws/install/fsd_common_msgs/lib/python3.14/site-packages:${PYTHONPATH} /usr/bin/cmake --build /home/ddl-cyber/桌面/ros2_homework_advanced_ws/build/map_to_visualize -- -j8 -l8
[-1780497862469686784.000s] DEBUG:colcon.colcon_core.event_handler.log_command:Invoked command in '/home/ddl-cyber/桌面/ros2_homework_advanced_ws/build/map_to_visualize' returned '0': AMENT_PREFIX_PATH=/home/ddl-cyber/桌面/ros2_homework_advanced_ws/install/fsd_common_msgs:${AMENT_PREFIX_PATH} CMAKE_PREFIX_PATH=/home/ddl-cyber/桌面/ros2_homework_advanced_ws/install/fsd_common_msgs:/opt/ros/lyrical/opt/gz_math_vendor:/opt/ros/lyrical/opt/gz_utils_vendor:/opt/ros/lyrical/opt/gz_cmake_vendor:/opt/ros/lyrical DEBUGINFOD_URLS=https://debuginfod.ubuntu.com LD_LIBRARY_PATH=/home/ddl-cyber/桌面/ros2_homework_advanced_ws/install/fsd_common_msgs/lib:${LD_LIBRARY_PATH} PYTHONPATH=/home/ddl-cyber/桌面/ros2_homework_advanced_ws/install/fsd_common_msgs/lib/python3.14/site-packages:${PYTHONPATH} /usr/bin/cmake --build /home/ddl-cyber/桌面/ros2_homework_advanced_ws/build/map_to_visualize -- -j8 -l8
[-1780497862469686784.000s] DEBUG:colcon.colcon_core.event_handler.log_command:Invoking command in '/home/ddl-cyber/桌面/ros2_homework_advanced_ws/build/map_to_visualize': AMENT_PREFIX_PATH=/home/ddl-cyber/桌面/ros2_homework_advanced_ws/install/fsd_common_msgs:${AMENT_PREFIX_PATH} CMAKE_PREFIX_PATH=/home/ddl-cyber/桌面/ros2_homework_advanced_ws/install/fsd_common_msgs:/opt/ros/lyrical/opt/gz_math_vendor:/opt/ros/lyrical/opt/gz_utils_vendor:/opt/ros/lyrical/opt/gz_cmake_vendor:/opt/ros/lyrical DEBUGINFOD_URLS=https://debuginfod.ubuntu.com LD_LIBRARY_PATH=/home/ddl-cyber/桌面/ros2_homework_advanced_ws/install/fsd_common_msgs/lib:${LD_LIBRARY_PATH} PYTHONPATH=/home/ddl-cyber/桌面/ros2_homework_advanced_ws/install/fsd_common_msgs/lib/python3.14/site-packages:${PYTHONPATH} /usr/bin/cmake --install /home/ddl-cyber/桌面/ros2_homework_advanced_ws/build/map_to_visualize
[-1780497862469686784.000s] Level 1:colcon.colcon_core.environment:create_environment_scripts_only(map_to_visualize)
[-1780497862469686784.000s] Level 1:colcon.colcon_core.environment:checking '/home/ddl-cyber/桌面/ros2_homework_advanced_ws/install/map_to_visualize' for CMake module files
[-1780497862469686784.000s] DEBUG:colcon.colcon_core.event_handler.log_command:Invoked command in '/home/ddl-cyber/桌面/ros2_homework_advanced_ws/build/map_to_visualize' returned '0': AMENT_PREFIX_PATH=/home/ddl-cyber/桌面/ros2_homework_advanced_ws/install/fsd_common_msgs:${AMENT_PREFIX_PATH} CMAKE_PREFIX_PATH=/home/ddl-cyber/桌面/ros2_homework_advanced_ws/install/fsd_common_msgs:/opt/ros/lyrical/opt/gz_math_vendor:/opt/ros/lyrical/opt/gz_utils_vendor:/opt/ros/lyrical/opt/gz_cmake_vendor:/opt/ros/lyrical DEBUGINFOD_URLS=https://debuginfod.ubuntu.com LD_LIBRARY_PATH=/home/ddl-cyber/桌面/ros2_homework_advanced_ws/install/fsd_common_msgs/lib:${LD_LIBRARY_PATH} PYTHONPATH=/home/ddl-cyber/桌面/ros2_homework_advanced_ws/install/fsd_common_msgs/lib/python3.14/site-packages:${PYTHONPATH} /usr/bin/cmake --install /home/ddl-cyber/桌面/ros2_homework_advanced_ws/build/map_to_visualize
[-1780497862469686784.000s] Level 1:colcon.colcon_core.environment:checking '/home/ddl-cyber/桌面/ros2_homework_advanced_ws/install/map_to_visualize' for CMake config files
[-1780497862469686784.000s] Level 1:colcon.colcon_core.shell:create_environment_hook('map_to_visualize', 'cmake_prefix_path')
[-1780497862469686784.000s] INFO:colcon.colcon_core.shell:Creating environment descriptor '/home/ddl-cyber/桌面/ros2_homework_advanced_ws/install/map_to_visualize/share/map_to_visualize/hook/cmake_prefix_path.dsv'
[-1780497862469686784.000s] INFO:colcon.colcon_core.shell:Creating environment hook '/home/ddl-cyber/桌面/ros2_homework_advanced_ws/install/map_to_visualize/share/map_to_visualize/hook/cmake_prefix_path.sh'
[-1780497862469686784.000s] Level 1:colcon.colcon_core.environment:checking '/home/ddl-cyber/桌面/ros2_homework_advanced_ws/install/map_to_visualize/lib'
[-1780497862469686784.000s] Level 1:colcon.colcon_core.environment:checking '/home/ddl-cyber/桌面/ros2_homework_advanced_ws/install/map_to_visualize/bin'
[-1780497862469686784.000s] Level 1:colcon.colcon_core.environment:checking '/home/ddl-cyber/桌面/ros2_homework_advanced_ws/install/map_to_visualize/lib/pkgconfig/map_to_visualize.pc'
[-1780497862469686784.000s] Level 1:colcon.colcon_core.environment:checking '/home/ddl-cyber/桌面/ros2_homework_advanced_ws/install/map_to_visualize/lib/python3.14/site-packages'
[-1780497862469686784.000s] Level 1:colcon.colcon_core.environment:checking '/home/ddl-cyber/桌面/ros2_homework_advanced_ws/install/map_to_visualize/bin'
[-1780497862469686784.000s] INFO:colcon.colcon_core.shell:Creating package descriptor '/home/ddl-cyber/桌面/ros2_homework_advanced_ws/install/map_to_visualize/share/map_to_visualize/package.dsv'
[-1780497862469686784.000s] INFO:colcon.colcon_core.shell:Creating package script '/home/ddl-cyber/桌面/ros2_homework_advanced_ws/install/map_to_visualize/share/map_to_visualize/package.sh'
[-1780497862469686784.000s] INFO:colcon.colcon_core.shell:Creating package script '/home/ddl-cyber/桌面/ros2_homework_advanced_ws/install/map_to_visualize/share/map_to_visualize/package.bash'
[-1780497862469686784.000s] INFO:colcon.colcon_core.shell:Creating package script '/home/ddl-cyber/桌面/ros2_homework_advanced_ws/install/map_to_visualize/share/map_to_visualize/package.zsh'
[-1780497862469686784.000s] Level 1:colcon.colcon_core.environment:create_file_with_runtime_dependencies(/home/ddl-cyber/桌面/ros2_homework_advanced_ws/install/map_to_visualize/share/colcon-core/packages/map_to_visualize)
[-1780497862469686784.000s] Level 1:colcon.colcon_core.environment:create_environment_scripts_only(map_to_visualize)
[-1780497862469686784.000s] Level 1:colcon.colcon_core.environment:checking '/home/ddl-cyber/桌面/ros2_homework_advanced_ws/install/map_to_visualize' for CMake module files
[-1780497862469686784.000s] Level 1:colcon.colcon_core.environment:checking '/home/ddl-cyber/桌面/ros2_homework_advanced_ws/install/map_to_visualize' for CMake config files
[-1780497862469686784.000s] Level 1:colcon.colcon_core.shell:create_environment_hook('map_to_visualize', 'cmake_prefix_path')
[-1780497862469686784.000s] INFO:colcon.colcon_core.shell:Creating environment descriptor '/home/ddl-cyber/桌面/ros2_homework_advanced_ws/install/map_to_visualize/share/map_to_visualize/hook/cmake_prefix_path.dsv'
[-1780497862469686784.000s] INFO:colcon.colcon_core.shell:Creating environment hook '/home/ddl-cyber/桌面/ros2_homework_advanced_ws/install/map_to_visualize/share/map_to_visualize/hook/cmake_prefix_path.sh'
[-1780497862469686784.000s] Level 1:colcon.colcon_core.environment:checking '/home/ddl-cyber/桌面/ros2_homework_advanced_ws/install/map_to_visualize/lib'
[-1780497862469686784.000s] Level 1:colcon.colcon_core.environment:checking '/home/ddl-cyber/桌面/ros2_homework_advanced_ws/install/map_to_visualize/bin'
[-1780497862469686784.000s] Level 1:colcon.colcon_core.environment:checking '/home/ddl-cyber/桌面/ros2_homework_advanced_ws/install/map_to_visualize/lib/pkgconfig/map_to_visualize.pc'
[-1780497862469686784.000s] Level 1:colcon.colcon_core.environment:checking '/home/ddl-cyber/桌面/ros2_homework_advanced_ws/install/map_to_visualize/lib/python3.14/site-packages'
[-1780497862469686784.000s] Level 1:colcon.colcon_core.environment:checking '/home/ddl-cyber/桌面/ros2_homework_advanced_ws/install/map_to_visualize/bin'
[-1780497862469686784.000s] INFO:colcon.colcon_core.shell:Creating package descriptor '/home/ddl-cyber/桌面/ros2_homework_advanced_ws/install/map_to_visualize/share/map_to_visualize/package.dsv'
[-1780497862469686784.000s] INFO:colcon.colcon_core.shell:Creating package script '/home/ddl-cyber/桌面/ros2_homework_advanced_ws/install/map_to_visualize/share/map_to_visualize/package.sh'
[-1780497862469686784.000s] INFO:colcon.colcon_core.shell:Creating package script '/home/ddl-cyber/桌面/ros2_homework_advanced_ws/install/map_to_visualize/share/map_to_visualize/package.bash'
[-1780497862469686784.000s] INFO:colcon.colcon_core.shell:Creating package script '/home/ddl-cyber/桌面/ros2_homework_advanced_ws/install/map_to_visualize/share/map_to_visualize/package.zsh'
[-1780497862469686784.000s] Level 1:colcon.colcon_core.environment:create_file_with_runtime_dependencies(/home/ddl-cyber/桌面/ros2_homework_advanced_ws/install/map_to_visualize/share/colcon-core/packages/map_to_visualize)
[-1780497862469686784.000s] DEBUG:colcon.colcon_parallel_executor.executor.parallel:closing loop
[-1780497862469686784.000s] DEBUG:colcon.colcon_parallel_executor.executor.parallel:loop closed
[-1780497862469686784.000s] DEBUG:colcon.colcon_parallel_executor.executor.parallel:run_until_complete finished with '0'
[-1780497862469686784.000s] DEBUG:colcon.colcon_core.event_reactor:joining thread
[-1780497862469686784.000s] INFO:colcon.colcon_core.plugin_system:Skipping extension 'colcon_notification.desktop_notification.terminal_notifier': Not used on non-Darwin systems
[-1780497862469686784.000s] INFO:colcon.colcon_core.plugin_system:Skipping extension 'colcon_notification.desktop_notification.win32': Not used on non-Windows systems
[-1780497862469686784.000s] INFO:colcon.colcon_notification.desktop_notification:Sending desktop notification using 'notify2'
[-1780497862469686784.000s] DEBUG:colcon.colcon_core.event_reactor:joined thread
[-1780497862469686784.000s] INFO:colcon.colcon_core.shell:Creating prefix script '/home/ddl-cyber/桌面/ros2_homework_advanced_ws/install/local_setup.sh'
[-1780497862469686784.000s] INFO:colcon.colcon_core.shell:Creating prefix util module '/home/ddl-cyber/桌面/ros2_homework_advanced_ws/install/_local_setup_util_sh.py'
[-1780497862469686784.000s] INFO:colcon.colcon_core.shell:Creating prefix chain script '/home/ddl-cyber/桌面/ros2_homework_advanced_ws/install/setup.sh'
[-1780497862469686784.000s] INFO:colcon.colcon_core.shell:Creating prefix script '/home/ddl-cyber/桌面/ros2_homework_advanced_ws/install/local_setup.bash'
[-1780497862469686784.000s] INFO:colcon.colcon_core.shell:Creating prefix chain script '/home/ddl-cyber/桌面/ros2_homework_advanced_ws/install/setup.bash'
[-1780497862469686784.000s] INFO:colcon.colcon_core.shell:Creating prefix script '/home/ddl-cyber/桌面/ros2_homework_advanced_ws/install/local_setup.zsh'
[-1780497862469686784.000s] INFO:colcon.colcon_core.shell:Creating prefix chain script '/home/ddl-cyber/桌面/ros2_homework_advanced_ws/install/setup.zsh'
