[0.012s] Invoking command in '/home/ddl-cyber/桌面/ros2_homework_advanced_ws/build/map_to_visualize': AMENT_PREFIX_PATH=/home/ddl-cyber/桌面/ros2_homework_advanced_ws/install/fsd_common_msgs:${AMENT_PREFIX_PATH} CMAKE_PREFIX_PATH=/home/ddl-cyber/桌面/ros2_homework_advanced_ws/install/fsd_common_msgs:/opt/ros/lyrical/opt/gz_math_vendor:/opt/ros/lyrical/opt/gz_utils_vendor:/opt/ros/lyrical/opt/gz_cmake_vendor:/opt/ros/lyrical DEBUGINFOD_URLS=https://debuginfod.ubuntu.com LD_LIBRARY_PATH=/home/ddl-cyber/桌面/ros2_homework_advanced_ws/install/fsd_common_msgs/lib:${LD_LIBRARY_PATH} PYTHONPATH=/home/ddl-cyber/桌面/ros2_homework_advanced_ws/install/fsd_common_msgs/lib/python3.14/site-packages:${PYTHONPATH} /usr/bin/cmake /home/ddl-cyber/桌面/ros2_homework_advanced_ws/src/map_to_visualize -DCMAKE_INSTALL_PREFIX=/home/ddl-cyber/桌面/ros2_homework_advanced_ws/install/map_to_visualize
[0.018s] [0mCMake Deprecation Warning at CMakeLists.txt:1 (cmake_minimum_required):
[0.018s]   Compatibility with CMake < 3.10 will be removed from a future version of
[0.018s]   CMake.
[0.018s] 
[0.018s]   Update the VERSION argument <min> value.  Or, use the <min>...<max> syntax
[0.018s]   to tell CMake that the project requires at least <min> but has been updated
[0.018s]   to work with policies introduced by <max> or earlier.
[0.018s] 
[0.018s] [0m
[0.059s] -- The C compiler identification is GNU 15.2.0
[0.110s] -- The CXX compiler identification is GNU 15.2.0
[0.117s] -- Detecting C compiler ABI info
[0.179s] -- Detecting C compiler ABI info - done
[0.191s] -- Check for working C compiler: /usr/bin/cc - skipped
[0.191s] -- Detecting C compile features
[0.191s] -- Detecting C compile features - done
[0.200s] -- Detecting CXX compiler ABI info
[0.268s] -- Detecting CXX compiler ABI info - done
[0.279s] -- Check for working CXX compiler: /usr/bin/c++ - skipped
[0.279s] -- Detecting CXX compile features
[0.280s] -- Detecting CXX compile features - done
[0.286s] -- Found ament_cmake: 2.8.7 (/opt/ros/lyrical/share/ament_cmake/cmake)
[0.502s] -- Found rclcpp: 32.0.0 (/opt/ros/lyrical/share/rclcpp/cmake)
[0.527s] -- Found rosidl_generator_c: 5.2.0 (/opt/ros/lyrical/share/rosidl_generator_c/cmake)
[0.534s] -- Found rosidl_generator_cpp: 5.2.0 (/opt/ros/lyrical/share/rosidl_generator_cpp/cmake)
[0.545s] -- Using all available rosidl_typesupport_c: rosidl_typesupport_fastrtps_c;rosidl_typesupport_introspection_c
[0.555s] -- Using all available rosidl_typesupport_cpp: rosidl_typesupport_fastrtps_cpp;rosidl_typesupport_introspection_cpp
[0.608s] -- Found rmw_implementation_cmake: 7.10.1 (/opt/ros/lyrical/share/rmw_implementation_cmake/cmake)
[0.610s] -- Found rmw_fastrtps_cpp: 9.4.8 (/opt/ros/lyrical/share/rmw_fastrtps_cpp/cmake)
[0.635s] -- Using RMW implementation 'rmw_fastrtps_cpp' as default
[0.689s] -- Found visualization_msgs: 5.9.2 (/opt/ros/lyrical/share/visualization_msgs/cmake)
[0.749s] -- Found fsd_common_msgs: 0.0.0 (/home/ddl-cyber/桌面/ros2_homework_advanced_ws/install/fsd_common_msgs/share/fsd_common_msgs/cmake)
[0.881s] -- Configuring done (0.9s)
[0.889s] -- Generating done (0.0s)
[0.913s] -- Build files have been written to: /home/ddl-cyber/桌面/ros2_homework_advanced_ws/build/map_to_visualize
[0.922s] Invoked command in '/home/ddl-cyber/桌面/ros2_homework_advanced_ws/build/map_to_visualize' returned '0': AMENT_PREFIX_PATH=/home/ddl-cyber/桌面/ros2_homework_advanced_ws/install/fsd_common_msgs:${AMENT_PREFIX_PATH} CMAKE_PREFIX_PATH=/home/ddl-cyber/桌面/ros2_homework_advanced_ws/install/fsd_common_msgs:/opt/ros/lyrical/opt/gz_math_vendor:/opt/ros/lyrical/opt/gz_utils_vendor:/opt/ros/lyrical/opt/gz_cmake_vendor:/opt/ros/lyrical DEBUGINFOD_URLS=https://debuginfod.ubuntu.com LD_LIBRARY_PATH=/home/ddl-cyber/桌面/ros2_homework_advanced_ws/install/fsd_common_msgs/lib:${LD_LIBRARY_PATH} PYTHONPATH=/home/ddl-cyber/桌面/ros2_homework_advanced_ws/install/fsd_common_msgs/lib/python3.14/site-packages:${PYTHONPATH} /usr/bin/cmake /home/ddl-cyber/桌面/ros2_homework_advanced_ws/src/map_to_visualize -DCMAKE_INSTALL_PREFIX=/home/ddl-cyber/桌面/ros2_homework_advanced_ws/install/map_to_visualize
[0.922s] Invoking command in '/home/ddl-cyber/桌面/ros2_homework_advanced_ws/build/map_to_visualize': AMENT_PREFIX_PATH=/home/ddl-cyber/桌面/ros2_homework_advanced_ws/install/fsd_common_msgs:${AMENT_PREFIX_PATH} CMAKE_PREFIX_PATH=/home/ddl-cyber/桌面/ros2_homework_advanced_ws/install/fsd_common_msgs:/opt/ros/lyrical/opt/gz_math_vendor:/opt/ros/lyrical/opt/gz_utils_vendor:/opt/ros/lyrical/opt/gz_cmake_vendor:/opt/ros/lyrical DEBUGINFOD_URLS=https://debuginfod.ubuntu.com LD_LIBRARY_PATH=/home/ddl-cyber/桌面/ros2_homework_advanced_ws/install/fsd_common_msgs/lib:${LD_LIBRARY_PATH} PYTHONPATH=/home/ddl-cyber/桌面/ros2_homework_advanced_ws/install/fsd_common_msgs/lib/python3.14/site-packages:${PYTHONPATH} /usr/bin/cmake --build /home/ddl-cyber/桌面/ros2_homework_advanced_ws/build/map_to_visualize -- -j8 -l8
[0.961s] [ 50%] [32mBuilding CXX object CMakeFiles/map_visualizer.dir/src/map_visualizer.cpp.o[0m
[8.071s] [100%] [1m[32mLinking CXX executable map_visualizer[0m
[8.319s] [100%] Built target map_visualizer
[8.327s] Invoked command in '/home/ddl-cyber/桌面/ros2_homework_advanced_ws/build/map_to_visualize' returned '0': AMENT_PREFIX_PATH=/home/ddl-cyber/桌面/ros2_homework_advanced_ws/install/fsd_common_msgs:${AMENT_PREFIX_PATH} CMAKE_PREFIX_PATH=/home/ddl-cyber/桌面/ros2_homework_advanced_ws/install/fsd_common_msgs:/opt/ros/lyrical/opt/gz_math_vendor:/opt/ros/lyrical/opt/gz_utils_vendor:/opt/ros/lyrical/opt/gz_cmake_vendor:/opt/ros/lyrical DEBUGINFOD_URLS=https://debuginfod.ubuntu.com LD_LIBRARY_PATH=/home/ddl-cyber/桌面/ros2_homework_advanced_ws/install/fsd_common_msgs/lib:${LD_LIBRARY_PATH} PYTHONPATH=/home/ddl-cyber/桌面/ros2_homework_advanced_ws/install/fsd_common_msgs/lib/python3.14/site-packages:${PYTHONPATH} /usr/bin/cmake --build /home/ddl-cyber/桌面/ros2_homework_advanced_ws/build/map_to_visualize -- -j8 -l8
[8.328s] Invoking command in '/home/ddl-cyber/桌面/ros2_homework_advanced_ws/build/map_to_visualize': AMENT_PREFIX_PATH=/home/ddl-cyber/桌面/ros2_homework_advanced_ws/install/fsd_common_msgs:${AMENT_PREFIX_PATH} CMAKE_PREFIX_PATH=/home/ddl-cyber/桌面/ros2_homework_advanced_ws/install/fsd_common_msgs:/opt/ros/lyrical/opt/gz_math_vendor:/opt/ros/lyrical/opt/gz_utils_vendor:/opt/ros/lyrical/opt/gz_cmake_vendor:/opt/ros/lyrical DEBUGINFOD_URLS=https://debuginfod.ubuntu.com LD_LIBRARY_PATH=/home/ddl-cyber/桌面/ros2_homework_advanced_ws/install/fsd_common_msgs/lib:${LD_LIBRARY_PATH} PYTHONPATH=/home/ddl-cyber/桌面/ros2_homework_advanced_ws/install/fsd_common_msgs/lib/python3.14/site-packages:${PYTHONPATH} /usr/bin/cmake --install /home/ddl-cyber/桌面/ros2_homework_advanced_ws/build/map_to_visualize
[8.334s] -- Install configuration: ""
[8.334s] -- Installing: /home/ddl-cyber/桌面/ros2_homework_advanced_ws/install/map_to_visualize/lib/map_to_visualize/map_visualizer
[8.339s] -- Set non-toolchain portion of runtime path of "/home/ddl-cyber/桌面/ros2_homework_advanced_ws/install/map_to_visualize/lib/map_to_visualize/map_visualizer" to ""
[8.339s] -- Installing: /home/ddl-cyber/桌面/ros2_homework_advanced_ws/install/map_to_visualize/share/map_to_visualize/launch
[8.339s] -- Installing: /home/ddl-cyber/桌面/ros2_homework_advanced_ws/install/map_to_visualize/share/map_to_visualize/launch/visualize_cones.launch.py
[8.339s] -- Installing: /home/ddl-cyber/桌面/ros2_homework_advanced_ws/install/map_to_visualize/share/map_to_visualize/rviz
[8.339s] -- Installing: /home/ddl-cyber/桌面/ros2_homework_advanced_ws/install/map_to_visualize/share/map_to_visualize/rviz/cones.rviz
[8.339s] -- Installing: /home/ddl-cyber/桌面/ros2_homework_advanced_ws/install/map_to_visualize/share/map_to_visualize/map_to_visualize_0.db3
[8.339s] -- Installing: /home/ddl-cyber/桌面/ros2_homework_advanced_ws/install/map_to_visualize/share/map_to_visualize/metadata.yaml
[8.339s] -- Installing: /home/ddl-cyber/桌面/ros2_homework_advanced_ws/install/map_to_visualize/share/ament_index/resource_index/package_run_dependencies/map_to_visualize
[8.340s] -- Installing: /home/ddl-cyber/桌面/ros2_homework_advanced_ws/install/map_to_visualize/share/ament_index/resource_index/parent_prefix_path/map_to_visualize
[8.340s] -- Installing: /home/ddl-cyber/桌面/ros2_homework_advanced_ws/install/map_to_visualize/share/map_to_visualize/environment/ament_prefix_path.sh
[8.340s] -- Installing: /home/ddl-cyber/桌面/ros2_homework_advanced_ws/install/map_to_visualize/share/map_to_visualize/environment/ament_prefix_path.dsv
[8.340s] -- Installing: /home/ddl-cyber/桌面/ros2_homework_advanced_ws/install/map_to_visualize/share/map_to_visualize/environment/path.sh
[8.340s] -- Installing: /home/ddl-cyber/桌面/ros2_homework_advanced_ws/install/map_to_visualize/share/map_to_visualize/environment/path.dsv
[8.340s] -- Installing: /home/ddl-cyber/桌面/ros2_homework_advanced_ws/install/map_to_visualize/share/map_to_visualize/local_setup.bash
[8.340s] -- Installing: /home/ddl-cyber/桌面/ros2_homework_advanced_ws/install/map_to_visualize/share/map_to_visualize/local_setup.fish
[8.340s] -- Installing: /home/ddl-cyber/桌面/ros2_homework_advanced_ws/install/map_to_visualize/share/map_to_visualize/local_setup.sh
[8.340s] -- Installing: /home/ddl-cyber/桌面/ros2_homework_advanced_ws/install/map_to_visualize/share/map_to_visualize/local_setup.zsh
[8.340s] -- Installing: /home/ddl-cyber/桌面/ros2_homework_advanced_ws/install/map_to_visualize/share/map_to_visualize/local_setup.dsv
[8.340s] -- Installing: /home/ddl-cyber/桌面/ros2_homework_advanced_ws/install/map_to_visualize/share/map_to_visualize/package.dsv
[8.340s] -- Installing: /home/ddl-cyber/桌面/ros2_homework_advanced_ws/install/map_to_visualize/share/ament_index/resource_index/packages/map_to_visualize
[8.340s] -- Installing: /home/ddl-cyber/桌面/ros2_homework_advanced_ws/install/map_to_visualize/share/map_to_visualize/cmake/map_to_visualizeConfig.cmake
[8.340s] -- Installing: /home/ddl-cyber/桌面/ros2_homework_advanced_ws/install/map_to_visualize/share/map_to_visualize/cmake/map_to_visualizeConfig-version.cmake
[8.340s] -- Installing: /home/ddl-cyber/桌面/ros2_homework_advanced_ws/install/map_to_visualize/share/map_to_visualize/package.xml
[8.342s] Invoked command in '/home/ddl-cyber/桌面/ros2_homework_advanced_ws/build/map_to_visualize' returned '0': AMENT_PREFIX_PATH=/home/ddl-cyber/桌面/ros2_homework_advanced_ws/install/fsd_common_msgs:${AMENT_PREFIX_PATH} CMAKE_PREFIX_PATH=/home/ddl-cyber/桌面/ros2_homework_advanced_ws/install/fsd_common_msgs:/opt/ros/lyrical/opt/gz_math_vendor:/opt/ros/lyrical/opt/gz_utils_vendor:/opt/ros/lyrical/opt/gz_cmake_vendor:/opt/ros/lyrical DEBUGINFOD_URLS=https://debuginfod.ubuntu.com LD_LIBRARY_PATH=/home/ddl-cyber/桌面/ros2_homework_advanced_ws/install/fsd_common_msgs/lib:${LD_LIBRARY_PATH} PYTHONPATH=/home/ddl-cyber/桌面/ros2_homework_advanced_ws/install/fsd_common_msgs/lib/python3.14/site-packages:${PYTHONPATH} /usr/bin/cmake --install /home/ddl-cyber/桌面/ros2_homework_advanced_ws/build/map_to_visualize
