[0.013s] Invoking command in '/home/ddl-cyber/桌面/ros2_homework_basic_ws/build/ros2_homework_basic_package': CMAKE_PREFIX_PATH=${CMAKE_PREFIX_PATH}:/opt/ros/lyrical DEBUGINFOD_URLS=https://debuginfod.ubuntu.com /usr/bin/cmake /home/ddl-cyber/桌面/ros2_homework_basic_ws/src/ros2_homework_basic_package -DCMAKE_INSTALL_PREFIX=/home/ddl-cyber/桌面/ros2_homework_basic_ws/install/ros2_homework_basic_package
[0.114s] -- The C compiler identification is GNU 15.2.0
[0.203s] -- The CXX compiler identification is GNU 15.2.0
[0.212s] -- Detecting C compiler ABI info
[0.281s] -- Detecting C compiler ABI info - done
[0.292s] -- Check for working C compiler: /usr/bin/cc - skipped
[0.292s] -- Detecting C compile features
[0.293s] -- Detecting C compile features - done
[0.305s] -- Detecting CXX compiler ABI info
[0.375s] -- Detecting CXX compiler ABI info - done
[0.386s] -- Check for working CXX compiler: /usr/bin/c++ - skipped
[0.386s] -- Detecting CXX compile features
[0.387s] -- Detecting CXX compile features - done
[0.398s] -- Found ament_cmake: 2.8.7 (/opt/ros/lyrical/share/ament_cmake/cmake)
[0.617s] -- Found rclcpp: 32.0.0 (/opt/ros/lyrical/share/rclcpp/cmake)
[0.648s] -- Found rosidl_generator_c: 5.2.0 (/opt/ros/lyrical/share/rosidl_generator_c/cmake)
[0.655s] -- Found rosidl_generator_cpp: 5.2.0 (/opt/ros/lyrical/share/rosidl_generator_cpp/cmake)
[0.669s] -- Using all available rosidl_typesupport_c: rosidl_typesupport_fastrtps_c;rosidl_typesupport_introspection_c
[0.680s] -- Using all available rosidl_typesupport_cpp: rosidl_typesupport_fastrtps_cpp;rosidl_typesupport_introspection_cpp
[0.740s] -- Found rmw_implementation_cmake: 7.10.1 (/opt/ros/lyrical/share/rmw_implementation_cmake/cmake)
[0.743s] -- Found rmw_fastrtps_cpp: 9.4.8 (/opt/ros/lyrical/share/rmw_fastrtps_cpp/cmake)
[0.774s] -- Using RMW implementation 'rmw_fastrtps_cpp' as default
[0.837s] -- Found geometry_msgs: 5.9.2 (/opt/ros/lyrical/share/geometry_msgs/cmake)
[0.865s] -- Found ament_lint_auto: 0.20.6 (/opt/ros/lyrical/share/ament_lint_auto/cmake)
[0.957s] -- Added test 'cppcheck' to perform static code analysis on C / C++ code
[0.957s] -- Configured cppcheck include dirs: 
[0.958s] -- Configured cppcheck exclude dirs and/or files: 
[0.958s] -- Added test 'flake8' to check Python code syntax and style conventions
[0.958s] -- Configured 'flake8' exclude dirs and/or files: 
[0.959s] -- Added test 'lint_cmake' to check CMake code style
[0.959s] -- Added test 'pep257' to check Python code against some of the docstring style conventions in PEP 257
[0.960s] -- Added test 'uncrustify' to check C / C++ code style
[0.960s] -- Configured uncrustify additional arguments: 
[0.961s] -- Added test 'xmllint' to check XML markup files
[0.962s] -- Configuring done (0.9s)
[0.972s] -- Generating done (0.0s)
[0.990s] -- Build files have been written to: /home/ddl-cyber/桌面/ros2_homework_basic_ws/build/ros2_homework_basic_package
[0.996s] Invoked command in '/home/ddl-cyber/桌面/ros2_homework_basic_ws/build/ros2_homework_basic_package' returned '0': CMAKE_PREFIX_PATH=${CMAKE_PREFIX_PATH}:/opt/ros/lyrical DEBUGINFOD_URLS=https://debuginfod.ubuntu.com /usr/bin/cmake /home/ddl-cyber/桌面/ros2_homework_basic_ws/src/ros2_homework_basic_package -DCMAKE_INSTALL_PREFIX=/home/ddl-cyber/桌面/ros2_homework_basic_ws/install/ros2_homework_basic_package
[0.997s] Invoking command in '/home/ddl-cyber/桌面/ros2_homework_basic_ws/build/ros2_homework_basic_package': CMAKE_PREFIX_PATH=${CMAKE_PREFIX_PATH}:/opt/ros/lyrical DEBUGINFOD_URLS=https://debuginfod.ubuntu.com /usr/bin/cmake --build /home/ddl-cyber/桌面/ros2_homework_basic_ws/build/ros2_homework_basic_package -- -j8 -l8
[1.037s] [ 50%] [32mBuilding CXX object CMakeFiles/eight_figure_node.dir/src/eight_figure_node.cpp.o[0m
[5.285s] [100%] [1m[32mLinking CXX executable eight_figure_node[0m
[5.447s] [100%] Built target eight_figure_node
[5.456s] Invoked command in '/home/ddl-cyber/桌面/ros2_homework_basic_ws/build/ros2_homework_basic_package' returned '0': CMAKE_PREFIX_PATH=${CMAKE_PREFIX_PATH}:/opt/ros/lyrical DEBUGINFOD_URLS=https://debuginfod.ubuntu.com /usr/bin/cmake --build /home/ddl-cyber/桌面/ros2_homework_basic_ws/build/ros2_homework_basic_package -- -j8 -l8
[5.462s] Invoking command in '/home/ddl-cyber/桌面/ros2_homework_basic_ws/build/ros2_homework_basic_package': CMAKE_PREFIX_PATH=${CMAKE_PREFIX_PATH}:/opt/ros/lyrical DEBUGINFOD_URLS=https://debuginfod.ubuntu.com /usr/bin/cmake --install /home/ddl-cyber/桌面/ros2_homework_basic_ws/build/ros2_homework_basic_package
[5.468s] -- Install configuration: ""
[5.468s] -- Installing: /home/ddl-cyber/桌面/ros2_homework_basic_ws/install/ros2_homework_basic_package/lib/ros2_homework_basic_package/eight_figure_node
[5.469s] -- Set non-toolchain portion of runtime path of "/home/ddl-cyber/桌面/ros2_homework_basic_ws/install/ros2_homework_basic_package/lib/ros2_homework_basic_package/eight_figure_node" to ""
[5.469s] -- Installing: /home/ddl-cyber/桌面/ros2_homework_basic_ws/install/ros2_homework_basic_package/share/ros2_homework_basic_package/config
[5.469s] -- Installing: /home/ddl-cyber/桌面/ros2_homework_basic_ws/install/ros2_homework_basic_package/share/ros2_homework_basic_package/config/trajectory_params.yaml
[5.469s] -- Installing: /home/ddl-cyber/桌面/ros2_homework_basic_ws/install/ros2_homework_basic_package/share/ros2_homework_basic_package/launch
[5.469s] -- Installing: /home/ddl-cyber/桌面/ros2_homework_basic_ws/install/ros2_homework_basic_package/share/ros2_homework_basic_package/launch/eight_figure.launch.py
[5.469s] -- Installing: /home/ddl-cyber/桌面/ros2_homework_basic_ws/install/ros2_homework_basic_package/share/ament_index/resource_index/package_run_dependencies/ros2_homework_basic_package
[5.469s] -- Installing: /home/ddl-cyber/桌面/ros2_homework_basic_ws/install/ros2_homework_basic_package/share/ament_index/resource_index/parent_prefix_path/ros2_homework_basic_package
[5.469s] -- Installing: /home/ddl-cyber/桌面/ros2_homework_basic_ws/install/ros2_homework_basic_package/share/ros2_homework_basic_package/environment/ament_prefix_path.sh
[5.469s] -- Installing: /home/ddl-cyber/桌面/ros2_homework_basic_ws/install/ros2_homework_basic_package/share/ros2_homework_basic_package/environment/ament_prefix_path.dsv
[5.469s] -- Installing: /home/ddl-cyber/桌面/ros2_homework_basic_ws/install/ros2_homework_basic_package/share/ros2_homework_basic_package/environment/path.sh
[5.469s] -- Installing: /home/ddl-cyber/桌面/ros2_homework_basic_ws/install/ros2_homework_basic_package/share/ros2_homework_basic_package/environment/path.dsv
[5.469s] -- Installing: /home/ddl-cyber/桌面/ros2_homework_basic_ws/install/ros2_homework_basic_package/share/ros2_homework_basic_package/local_setup.bash
[5.469s] -- Installing: /home/ddl-cyber/桌面/ros2_homework_basic_ws/install/ros2_homework_basic_package/share/ros2_homework_basic_package/local_setup.fish
[5.469s] -- Installing: /home/ddl-cyber/桌面/ros2_homework_basic_ws/install/ros2_homework_basic_package/share/ros2_homework_basic_package/local_setup.sh
[5.469s] -- Installing: /home/ddl-cyber/桌面/ros2_homework_basic_ws/install/ros2_homework_basic_package/share/ros2_homework_basic_package/local_setup.zsh
[5.469s] -- Installing: /home/ddl-cyber/桌面/ros2_homework_basic_ws/install/ros2_homework_basic_package/share/ros2_homework_basic_package/local_setup.dsv
[5.469s] -- Installing: /home/ddl-cyber/桌面/ros2_homework_basic_ws/install/ros2_homework_basic_package/share/ros2_homework_basic_package/package.dsv
[5.469s] -- Installing: /home/ddl-cyber/桌面/ros2_homework_basic_ws/install/ros2_homework_basic_package/share/ament_index/resource_index/packages/ros2_homework_basic_package
[5.470s] -- Installing: /home/ddl-cyber/桌面/ros2_homework_basic_ws/install/ros2_homework_basic_package/share/ros2_homework_basic_package/cmake/ros2_homework_basic_packageConfig.cmake
[5.470s] -- Installing: /home/ddl-cyber/桌面/ros2_homework_basic_ws/install/ros2_homework_basic_package/share/ros2_homework_basic_package/cmake/ros2_homework_basic_packageConfig-version.cmake
[5.470s] -- Installing: /home/ddl-cyber/桌面/ros2_homework_basic_ws/install/ros2_homework_basic_package/share/ros2_homework_basic_package/package.xml
[5.471s] Invoked command in '/home/ddl-cyber/桌面/ros2_homework_basic_ws/build/ros2_homework_basic_package' returned '0': CMAKE_PREFIX_PATH=${CMAKE_PREFIX_PATH}:/opt/ros/lyrical DEBUGINFOD_URLS=https://debuginfod.ubuntu.com /usr/bin/cmake --install /home/ddl-cyber/桌面/ros2_homework_basic_ws/build/ros2_homework_basic_package
